2026-02-15 21:42:54|   0.0|  0.0|INFORM|Current FME version: FME 2025.2.2.0 (20260106 - Build 25827 - WIN64)
2026-02-15 21:42:54|   0.0|  0.0|INFORM|System Time: 20260215204255 UTC
2026-02-15 21:42:54|   0.0|  0.0|INFORM|FME_HOME is 'C:\Program Files\FME\'
2026-02-15 21:42:54|   0.0|  0.0|INFORM|FME license: FME Form Fixed (node locked-crc)
2026-02-15 21:42:54|   0.0|  0.0|INFORM|Serial Number: SEC6-2AWB-24J6
2026-02-15 21:42:54|   0.0|  0.0|INFORM|Machine host name is: LAPTOP-CC4CD30S
2026-02-15 21:42:54|   0.0|  0.0|INFORM|OS Locale Name     : en_US
2026-02-15 21:42:54|   0.0|  0.0|INFORM|OS Locale Encoding : windows-1252
2026-02-15 21:42:54|   0.0|  0.0|INFORM|Process Encoding   : UTF-8
2026-02-15 21:42:54|   0.0|  0.0|INFORM|FME API version: '4.0 20250912'
2026-02-15 21:42:54|   0.0|  0.0|INFORM|FME Configuration: FME_BASE is 'no'
2026-02-15 21:42:54|   0.0|  0.0|INFORM|FME Configuration: FME_MF_DIR is 'C:\p5serve_fme_svg\sketches\lines17_triangulation_irregular/'
2026-02-15 21:42:54|   0.0|  0.0|INFORM|FME Configuration: FME_MF_NAME is 'lines.fmw'
2026-02-15 21:42:54|   0.0|  0.0|INFORM|FME Configuration: FME_PRODUCT_NAME is 'FME(R) 2025.2.2.0'
2026-02-15 21:42:54|   0.0|  0.0|INFORM|Operating System: Microsoft Windows 11 Pro 64-bit (Build 22631)
2026-02-15 21:42:54|   0.0|  0.0|INFORM|FME Platform: WIN64
2026-02-15 21:42:54|   0.0|  0.0|INFORM|System Status: 24.48 GB of disk space available in the FME temporary folder (C:\Users\Aleks\AppData\Local\Temp\wbrun_1771187201723_1964\fmetmp_e)
2026-02-15 21:42:54|   0.0|  0.0|INFORM|System Status: 7.89 GB of physical memory available
2026-02-15 21:42:54|   0.0|  0.0|INFORM|System Status: 31.56 GB of virtual memory available
2026-02-15 21:42:54|   0.0|  0.0|INFORM|START - ProcessID: 5408, peak process memory usage: 64956 kB, current process memory usage: 48876 kB
2026-02-15 21:42:54|   0.0|  0.0|INFORM|FME Configuration: Command line arguments are `C:\Program Files\FME\fme.exe' `C:\p5serve_fme_svg\sketches\lines17_triangulation_irregular\wb-xlate-1771188174085_1964' `--FME_LAUNCH_VIEWER_APP' `WORKBENCH' `LOG_STANDARDOUT' `YES' `LOG_TIMINGS' `YES' `LogCountServerName' `56331' `LOG_STANDARDOUT' `No' `WORKBENCH_LOG_SERVER' `56328'
2026-02-15 21:42:54|   0.0|  0.0|INFORM|FME Configuration: Connection Storage: 'C:\Users\Aleks\AppData\Roaming\Safe Software\FME\'
2026-02-15 21:42:55|   0.0|  0.0|INFORM|Using Python interpreter from `C:\Program Files\FME\fmepython313\python313.dll' with PYTHONHOME `C:\Program Files\FME\fmepython313'
2026-02-15 21:42:55|   0.0|  0.0|INFORM|Python version 3.13 loaded successfully
2026-02-15 21:42:55|   0.1|  0.1|INFORM|FME_BEGIN_PYTHON: evaluating python script from string...
2026-02-15 21:42:55|   0.1|  0.0|INFORM|['BaseTransformer', 'FMEFeature', 'List', 'Optional', '__builtins__', '__cached__', '__doc__', '__file__', '__loader__', '__name__', '__package__', '__spec__', 'getAbsolutePath', 'licensing', 'locale', 'logFileName', 'macroValues', 'mappingFileId', 'os', 'platform', 're', 'resolveFMEMacros', 'startingTimeStamp', 'systemEncoding']
2026-02-15 21:42:55|   0.1|  0.0|INFORM|FME_BEGIN_PYTHON: python script execution complete.
2026-02-15 21:42:55|   0.2|  0.1|INFORM|Shared folders for formats are : C:\Program Files\FME\datasources;C:\Users\Aleks\Documents\FME\Formats
2026-02-15 21:42:55|   0.2|  0.0|INFORM|Shared folders for transformers are : C:\Users\Aleks\AppData\Roaming\Safe Software\FME\Packages\25827-win64\transformers;C:\Program Files\FME\transformers;C:\Users\Aleks\AppData\Roaming\Safe Software\FME\FME Store\Transformers
2026-02-15 21:42:55|   0.2|  0.0|INFORM|Shared folders for coordinate systems are : C:\Users\Aleks\Documents\FME\CoordinateSystems
2026-02-15 21:42:55|   0.2|  0.0|INFORM|Shared folders for coordinate system exceptions are : C:\Users\Aleks\Documents\FME\CoordinateSystemExceptions
2026-02-15 21:42:55|   0.2|  0.0|INFORM|Shared folders for coordinate system grid overrides are : C:\Users\Aleks\Documents\FME\CoordinateSystemGridOverrides
2026-02-15 21:42:55|   0.2|  0.0|INFORM|Shared folders for CS-MAP transformation exceptions are : C:\Users\Aleks\Documents\FME\CsmapTransformationExceptions
2026-02-15 21:42:55|   0.2|  0.0|INFORM|Shared folders for transformer categories are : C:\Users\Aleks\Documents\FME\TransformerCategories
2026-02-15 21:42:55|   0.2|  0.0|INFORM|FME Configuration: No destination coordinate system set
2026-02-15 21:42:55|   0.2|  0.0|INFORM|FME Configuration: Current working folder is `C:\p5serve_fme_svg\sketches\lines17_triangulation_irregular'
2026-02-15 21:42:55|   0.2|  0.0|INFORM|FME Configuration: Temporary folder is `C:\Users\Aleks\AppData\Local\Temp\wbrun_1771187201723_1964\fmetmp_e', set from environment variable `FME_TEMP'
2026-02-15 21:42:55|   0.2|  0.0|INFORM|FME Configuration: Cache folder is 'C:\Users\Aleks\AppData\Local\Temp'
2026-02-15 21:42:55|   0.2|  0.0|INFORM|FME Configuration: FME_HOME is `C:\Program Files\FME\'
2026-02-15 21:42:55|   0.2|  0.0|INFORM|FME Configuration: Start freeing memory when the process exceeds 23.67 GB
2026-02-15 21:42:55|   0.2|  0.0|INFORM|FME Configuration: Stop freeing memory when the process is below 17.75 GB
2026-02-15 21:42:55|   0.2|  0.0|INFORM|Creating writer for format: 
2026-02-15 21:42:55|   0.2|  0.0|INFORM|Creating reader for format: 
2026-02-15 21:42:55|   0.2|  0.0|INFORM|MULTI_READER(MULTI_READER): Will fail with first member reader failure
2026-02-15 21:42:55|   0.2|  0.0|INFORM|Using Multi Reader with keyword `MULTI_READER' to read multiple datasets
2026-02-15 21:42:55|   0.2|  0.0|INFORM|Using MultiWriter with keyword `PRIMARY_DEST' to output data (ID_ATTRIBUTE is `multi_writer_id')
2026-02-15 21:42:55|   0.2|  0.0|INFORM|Writer output will be ordered by value of multi_writer_id
2026-02-15 21:42:55|   0.2|  0.0|INFORM|Emptying factory pipeline
2026-02-15 21:42:55|   0.2|  0.0|STATS |Restoring 2 feature(s) from FME feature store file `C:\Users\Aleks\AppData\Local\Temp\wb-cache-lines-lPwJIM\Main_Bufferer -1 8 fo 0 BUFFERED  0  75d6ea0ac5379b0de150785e0843bbacadbdb74e.ffs'
2026-02-15 21:42:55|   0.2|  0.0|INFORM|Creating writer for format: SVG (Scalable Vector Graphics)
2026-02-15 21:42:55|   0.2|  0.0|INFORM|Trying to find a DYNAMIC plugin for writer named `SVG'
2026-02-15 21:42:55|   0.2|  0.0|INFORM|FME Configuration: No destination coordinate system set
2026-02-15 21:42:55|   0.2|  0.0|INFORM|Writer `SVG_1' of type `SVG' using group definition keyword `SVG_1_DEF'
2026-02-15 21:42:55|   0.2|  0.0|STATS |Destination Feature Type Routing Correlator (RoutingFactory): Tested 2 input feature(s), wrote 2 output feature(s): 0 matched merge filters, 2 were routed to output, 0 could not be routed.
2026-02-15 21:42:55|   0.2|  0.0|STATS |Final Output Nuker (TeeFactory): Cloned 0 input feature(s) into 0 output feature(s)
2026-02-15 21:42:55|   0.2|  0.0|INFORM|Loading user defined SVG template `C:\Program Files\FME\svg\defaultTemplate.svg'
2026-02-15 21:42:55|   0.2|  0.0|INFORM|All DTD information in the SVG template document is overridden
2026-02-15 21:42:55|   0.2|  0.0|INFORM|=-=-=-=-=-=-=-=-=-=-=-=-=-=-=-=-=-=-=-=-=-=-=-=-=-=-=-=-=-=-=-=-=-=-=-=-=-=-=-
2026-02-15 21:42:55|   0.2|  0.0|INFORM|Feature output statistics for `SVG' writer using keyword `SVG_1':
2026-02-15 21:42:55|   0.2|  0.0|STATS |=-=-=-=-=-=-=-=-=-=-=-=-=-=-=-=-=-=-=-=-=-=-=-=-=-=-=-=-=-=-=-=-=-=-=-=-=-=-=-
2026-02-15 21:42:55|   0.2|  0.0|STATS |                           Features Written Summary
2026-02-15 21:42:55|   0.2|  0.0|STATS |=-=-=-=-=-=-=-=-=-=-=-=-=-=-=-=-=-=-=-=-=-=-=-=-=-=-=-=-=-=-=-=-=-=-=-=-=-=-=-
2026-02-15 21:42:55|   0.2|  0.0|STATS |test                                                                         2
2026-02-15 21:42:55|   0.2|  0.0|STATS |==============================================================================
2026-02-15 21:42:55|   0.2|  0.0|STATS |Total Features Written                                                       2
2026-02-15 21:42:55|   0.2|  0.0|STATS |=-=-=-=-=-=-=-=-=-=-=-=-=-=-=-=-=-=-=-=-=-=-=-=-=-=-=-=-=-=-=-=-=-=-=-=-=-=-=-
2026-02-15 21:42:55|   0.2|  0.0|STATS |=-=-=-=-=-=-=-=-=-=-=-=-=-=-=-=-=-=-=-=-=-=-=-=-=-=-=-=-=-=-=-=-=-=-=-=-=-=-=-
2026-02-15 21:42:55|   0.2|  0.0|STATS |                            Features Read Summary
2026-02-15 21:42:55|   0.2|  0.0|STATS |=-=-=-=-=-=-=-=-=-=-=-=-=-=-=-=-=-=-=-=-=-=-=-=-=-=-=-=-=-=-=-=-=-=-=-=-=-=-=-
2026-02-15 21:42:55|   0.2|  0.0|STATS |==============================================================================
2026-02-15 21:42:55|   0.2|  0.0|STATS |Total Features Read                                                          0
2026-02-15 21:42:55|   0.2|  0.0|STATS |=-=-=-=-=-=-=-=-=-=-=-=-=-=-=-=-=-=-=-=-=-=-=-=-=-=-=-=-=-=-=-=-=-=-=-=-=-=-=-
2026-02-15 21:42:55|   0.2|  0.0|STATS |=-=-=-=-=-=-=-=-=-=-=-=-=-=-=-=-=-=-=-=-=-=-=-=-=-=-=-=-=-=-=-=-=-=-=-=-=-=-=-
2026-02-15 21:42:55|   0.2|  0.0|STATS |                           Features Written Summary
2026-02-15 21:42:55|   0.2|  0.0|STATS |=-=-=-=-=-=-=-=-=-=-=-=-=-=-=-=-=-=-=-=-=-=-=-=-=-=-=-=-=-=-=-=-=-=-=-=-=-=-=-
2026-02-15 21:42:55|   0.2|  0.0|STATS |test                                                                         2
2026-02-15 21:42:55|   0.2|  0.0|STATS |==============================================================================
2026-02-15 21:42:55|   0.2|  0.0|STATS |Total Features Written                                                       2
2026-02-15 21:42:55|   0.2|  0.0|STATS |=-=-=-=-=-=-=-=-=-=-=-=-=-=-=-=-=-=-=-=-=-=-=-=-=-=-=-=-=-=-=-=-=-=-=-=-=-=-=-
2026-02-15 21:42:55|   0.2|  0.0|WARN  |-~-~-~-~-~-~-~-~-~-~-~-~-~-~-~-~-~-~-~-~-~-~-~-~-~-~-~-~-~-~-~-~-~-~-~-~-~-~-~-~-
2026-02-15 21:42:55|   0.2|  0.0|WARN  |-~                                                                             ~-
2026-02-15 21:42:55|   0.2|  0.0|WARN  |-~      Data caches have been recorded at every stage of the translation.      ~-
2026-02-15 21:42:55|   0.2|  0.0|WARN  |-~                      To inspect the recorded features,                      ~-
2026-02-15 21:42:55|   0.2|  0.0|WARN  |-~                click the data cache icons next to the ports.                ~-
2026-02-15 21:42:55|   0.2|  0.0|WARN  |-~                                                                             ~-
2026-02-15 21:42:55|   0.2|  0.0|WARN  |-~-~-~-~-~-~-~-~-~-~-~-~-~-~-~-~-~-~-~-~-~-~-~-~-~-~-~-~-~-~-~-~-~-~-~-~-~-~-~-~-
2026-02-15 21:42:55|   0.2|  0.0|INFORM|Translation was SUCCESSFUL with 7 warning(s) (2 feature(s) output)
2026-02-15 21:42:55|   0.2|  0.0|INFORM|FME Session Duration: 0.6 seconds. (CPU: 0.1s user, 0.1s system)
2026-02-15 21:42:55|   0.2|  0.0|INFORM|END - ProcessID: 5408, peak process memory usage: 68864 kB, current process memory usage: 68864 kB
