2025-09-26 22:37:20|   0.0|  0.0|INFORM|Current FME version: FME 2024.1.3.0 (20240927 - Build 24627 - WIN64)
2025-09-26 22:37:20|   0.0|  0.0|INFORM|System Time: 20250926203720 UTC
2025-09-26 22:37:20|   0.0|  0.0|INFORM|FME_HOME is 'C:\Program Files\FME\'
2025-09-26 22:37:20|   0.0|  0.0|INFORM|FME Form Fixed (node locked-crc)
2025-09-26 22:37:20|   0.0|  0.0|INFORM|Serial Number: SEC6-2AWB-24J6
2025-09-26 22:37:20|   0.0|  0.0|INFORM|Temporary License: 127 days left.
2025-09-26 22:37:20|   0.0|  0.0|INFORM|Machine host name is: LAPTOP-CC4CD30S
2025-09-26 22:37:20|   0.0|  0.0|INFORM|OS Locale Name     : en_US
2025-09-26 22:37:20|   0.0|  0.0|INFORM|OS Locale Encoding : windows-1252
2025-09-26 22:37:20|   0.0|  0.0|INFORM|Process Encoding   : UTF-8
2025-09-26 22:37:20|   0.0|  0.0|INFORM|FME API version: '4.0 20240212'
2025-09-26 22:37:20|   0.0|  0.0|INFORM|FME Configuration: FME_BASE is 'no'
2025-09-26 22:37:20|   0.0|  0.0|INFORM|FME Configuration: FME_MF_DIR is 'C:\p5serve_fme_svg\sketches\lines13_truchet_fme-python/'
2025-09-26 22:37:20|   0.0|  0.0|INFORM|FME Configuration: FME_MF_NAME is 'lines.fmw'
2025-09-26 22:37:20|   0.0|  0.0|INFORM|FME Configuration: FME_PRODUCT_NAME is 'FME(R) 2024.1.3.0'
2025-09-26 22:37:20|   0.0|  0.0|INFORM|Operating System: Microsoft Windows 11 64-bit  (Build 22631)
2025-09-26 22:37:20|   0.0|  0.0|INFORM|FME Platform: WIN64
2025-09-26 22:37:20|   0.0|  0.0|INFORM|System Status: 13.12 GB of disk space available in the FME temporary folder (C:\Users\Aleks\AppData\Local\Temp\wbrun_1758918960993_17532\fmetmp_2)
2025-09-26 22:37:20|   0.0|  0.0|INFORM|System Status: 7.89 GB of physical memory available
2025-09-26 22:37:20|   0.0|  0.0|INFORM|System Status: 31.56 GB of virtual memory available
2025-09-26 22:37:20|   0.0|  0.0|INFORM|START - ProcessID: 13772, peak process memory usage: 42504 kB, current process memory usage: 41624 kB
2025-09-26 22:37:20|   0.0|  0.0|INFORM|FME Configuration: Command line arguments are `C:\Program Files\FME\fme.exe' `C:\p5serve_fme_svg\sketches\lines13_truchet_fme-python\wb-xlate-1758919037268_17532' `LOG_STANDARDOUT' `YES' `LOG_TIMINGS' `YES' `LogCountServerName' `53246' `LOG_STANDARDOUT' `No' `WORKBENCH_LOG_SERVER' `60347'
2025-09-26 22:37:20|   0.0|  0.0|INFORM|FME Configuration: Connection Storage: 'C:\Users\Aleks\AppData\Roaming\Safe Software\FME\'
2025-09-26 22:37:20|   0.2|  0.2|INFORM|Using Python interpreter from `C:\Program Files\FME\fmepython312\python312.dll' with PYTHONHOME `C:\Program Files\FME\fmepython312'
2025-09-26 22:37:21|   0.2|  0.0|INFORM|Python version 3.12 loaded successfully
2025-09-26 22:37:22|   0.8|  0.6|INFORM|FME_BEGIN_PYTHON: evaluating python script from string...
2025-09-26 22:37:22|   0.8|  0.0|INFORM|['__builtins__', '__cached__', '__doc__', '__file__', '__loader__', '__name__', '__package__', '__spec__', 'getAbsolutePath', 'licensing', 'locale', 'logFileName', 'macroValues', 'mappingFileId', 'os', 'platform', 're', 'resolveFMEMacros', 'startingTimeStamp', 'systemEncoding']
2025-09-26 22:37:22|   0.8|  0.0|INFORM|FME_BEGIN_PYTHON: python script execution complete.
2025-09-26 22:37:22|   0.8|  0.0|INFORM|Shared folders for formats are : C:\Program Files\FME\datasources;C:\Users\Aleks\Documents\FME\Formats
2025-09-26 22:37:22|   0.8|  0.0|INFORM|Shared folders for transformers are : C:\Users\Aleks\AppData\Roaming\Safe Software\FME\Packages\24627-win64\transformers;C:\Program Files\FME\transformers;C:\Users\Aleks\AppData\Roaming\Safe Software\FME\FME Store\Transformers
2025-09-26 22:37:22|   0.8|  0.0|INFORM|Shared folders for coordinate systems are : C:\Users\Aleks\Documents\FME\CoordinateSystems
2025-09-26 22:37:22|   0.8|  0.0|INFORM|Shared folders for coordinate system exceptions are : C:\Users\Aleks\Documents\FME\CoordinateSystemExceptions
2025-09-26 22:37:22|   0.8|  0.0|INFORM|Shared folders for coordinate system grid overrides are : C:\Users\Aleks\Documents\FME\CoordinateSystemGridOverrides
2025-09-26 22:37:22|   0.8|  0.0|INFORM|Shared folders for CS-MAP transformation exceptions are : C:\Users\Aleks\Documents\FME\CsmapTransformationExceptions
2025-09-26 22:37:22|   0.8|  0.0|INFORM|Shared folders for transformer categories are : C:\Users\Aleks\Documents\FME\TransformerCategories
2025-09-26 22:37:22|   0.8|  0.0|INFORM|FME Configuration: Reader Keyword is `MULTI_READER'
2025-09-26 22:37:22|   0.8|  0.0|INFORM|FME Configuration: Writer Keyword is `PRIMARY_DEST'
2025-09-26 22:37:22|   0.8|  0.0|INFORM|FME Configuration: Writer Group Definition Keyword is `PRIMARY_DEST_DEF'
2025-09-26 22:37:22|   0.8|  0.0|INFORM|FME Configuration: Reader type is `MULTI_READER'
2025-09-26 22:37:22|   0.9|  0.1|INFORM|FME Configuration: Writer type is `MULTI_WRITER'
2025-09-26 22:37:22|   0.9|  0.0|INFORM|FME Configuration: No destination coordinate system set
2025-09-26 22:37:22|   0.9|  0.0|INFORM|FME Configuration: Current working folder is `C:\p5serve_fme_svg\sketches\lines13_truchet_fme-python'
2025-09-26 22:37:22|   0.9|  0.0|INFORM|FME Configuration: Temporary folder is `C:\Users\Aleks\AppData\Local\Temp\wbrun_1758918960993_17532\fmetmp_2', set from environment variable `FME_TEMP'
2025-09-26 22:37:22|   0.9|  0.0|INFORM|FME Configuration: Cache folder is 'C:\Users\Aleks\AppData\Local\Temp'
2025-09-26 22:37:22|   0.9|  0.0|INFORM|FME Configuration: FME_HOME is `C:\Program Files\FME\'
2025-09-26 22:37:22|   0.9|  0.0|INFORM|FME Configuration: Start freeing memory when the process exceeds 23.67 GB
2025-09-26 22:37:22|   0.9|  0.0|INFORM|FME Configuration: Stop freeing memory when the process is below 17.75 GB
2025-09-26 22:37:22|   0.9|  0.0|INFORM|Creating writer for format: 
2025-09-26 22:37:22|   0.9|  0.0|INFORM|Creating reader for format: 
2025-09-26 22:37:22|   0.9|  0.0|INFORM|MULTI_READER(MULTI_READER): Will fail with first member reader failure
2025-09-26 22:37:22|   1.0|  0.1|INFORM|Using Multi Reader with keyword `MULTI_READER' to read multiple datasets
2025-09-26 22:37:22|   1.0|  0.0|INFORM|Using MultiWriter with keyword `PRIMARY_DEST' to output data (ID_ATTRIBUTE is `multi_writer_id')
2025-09-26 22:37:22|   1.0|  0.0|INFORM|Writer output will be ordered by value of multi_writer_id
2025-09-26 22:37:22|   1.0|  0.0|INFORM|Loaded module 'LogCount_func' from file 'C:\Program Files\FME\plugins/LogCount_func.dll'
2025-09-26 22:37:22|   1.0|  0.0|INFORM|FME API version of module 'LogCount_func' matches current internal version (4.0 20240212)
2025-09-26 22:37:22|   1.0|  0.0|INFORM|Emptying factory pipeline
2025-09-26 22:37:22|   1.0|  0.0|STATS |Restoring 64 feature(s) from FME feature store file `C:\Users\Aleks\AppData\Local\Temp\wb-cache-lines-uaOsku\Main_Bufferer -1 10 fo 0 BUFFERED  0  fdc2219f2aeea388f15f27f41eea94851435adce.ffs'
2025-09-26 22:37:23|   1.1|  0.1|INFORM|Creating writer for format: SVG (Scalable Vector Graphics)
2025-09-26 22:37:23|   1.1|  0.0|INFORM|Trying to find a DYNAMIC plugin for writer named `SVG'
2025-09-26 22:37:23|   1.1|  0.0|INFORM|Loaded module 'SVG' from file 'C:\Program Files\FME\plugins/SVG.dll'
2025-09-26 22:37:23|   1.1|  0.0|INFORM|FME API version of module 'SVG' matches current internal version (4.0 20240212)
2025-09-26 22:37:23|   1.1|  0.0|INFORM|FME Configuration: No destination coordinate system set
2025-09-26 22:37:23|   1.1|  0.0|INFORM|Writer `SVG_1' of type `SVG' using group definition keyword `SVG_1_DEF'
2025-09-26 22:37:23|   1.1|  0.0|STATS |Destination Feature Type Routing Correlator (RoutingFactory): Tested 64 input feature(s), wrote 64 output feature(s): 0 matched merge filters, 64 were routed to output, 0 could not be routed.
2025-09-26 22:37:23|   1.1|  0.0|STATS |Final Output Nuker (TeeFactory): Cloned 0 input feature(s) into 0 output feature(s)
2025-09-26 22:37:23|   1.1|  0.0|INFORM|Loading user defined SVG template `C:\Program Files\FME\svg\defaultTemplate.svg'
2025-09-26 22:37:23|   1.1|  0.0|INFORM|All DTD information in the SVG template document is overridden
2025-09-26 22:37:23|   1.1|  0.0|INFORM|=-=-=-=-=-=-=-=-=-=-=-=-=-=-=-=-=-=-=-=-=-=-=-=-=-=-=-=-=-=-=-=-=-=-=-=-=-=-=-
2025-09-26 22:37:23|   1.1|  0.0|INFORM|Feature output statistics for `SVG' writer using keyword `SVG_1':
2025-09-26 22:37:23|   1.2|  0.1|STATS |=-=-=-=-=-=-=-=-=-=-=-=-=-=-=-=-=-=-=-=-=-=-=-=-=-=-=-=-=-=-=-=-=-=-=-=-=-=-=-
2025-09-26 22:37:23|   1.2|  0.0|STATS |                               Features Written
2025-09-26 22:37:23|   1.2|  0.0|STATS |=-=-=-=-=-=-=-=-=-=-=-=-=-=-=-=-=-=-=-=-=-=-=-=-=-=-=-=-=-=-=-=-=-=-=-=-=-=-=-
2025-09-26 22:37:23|   1.2|  0.0|STATS |test                                                                        64
2025-09-26 22:37:23|   1.3|  0.1|STATS |==============================================================================
2025-09-26 22:37:23|   1.3|  0.0|STATS |Total Features Written                                                      64
2025-09-26 22:37:23|   1.3|  0.0|STATS |=-=-=-=-=-=-=-=-=-=-=-=-=-=-=-=-=-=-=-=-=-=-=-=-=-=-=-=-=-=-=-=-=-=-=-=-=-=-=-
2025-09-26 22:37:23|   1.3|  0.0|STATS |=-=-=-=-=-=-=-=-=-=-=-=-=-=-=-=-=-=-=-=-=-=-=-=-=-=-=-=-=-=-=-=-=-=-=-=-=-=-=-
2025-09-26 22:37:23|   1.3|  0.0|STATS |                            Features Read Summary
2025-09-26 22:37:23|   1.3|  0.0|STATS |=-=-=-=-=-=-=-=-=-=-=-=-=-=-=-=-=-=-=-=-=-=-=-=-=-=-=-=-=-=-=-=-=-=-=-=-=-=-=-
2025-09-26 22:37:23|   1.3|  0.0|STATS |==============================================================================
2025-09-26 22:37:23|   1.3|  0.0|STATS |Total Features Read                                                          0
2025-09-26 22:37:23|   1.3|  0.0|STATS |=-=-=-=-=-=-=-=-=-=-=-=-=-=-=-=-=-=-=-=-=-=-=-=-=-=-=-=-=-=-=-=-=-=-=-=-=-=-=-
2025-09-26 22:37:23|   1.3|  0.0|STATS |=-=-=-=-=-=-=-=-=-=-=-=-=-=-=-=-=-=-=-=-=-=-=-=-=-=-=-=-=-=-=-=-=-=-=-=-=-=-=-
2025-09-26 22:37:23|   1.3|  0.0|STATS |                           Features Written Summary
2025-09-26 22:37:23|   1.3|  0.0|STATS |=-=-=-=-=-=-=-=-=-=-=-=-=-=-=-=-=-=-=-=-=-=-=-=-=-=-=-=-=-=-=-=-=-=-=-=-=-=-=-
2025-09-26 22:37:23|   1.3|  0.0|STATS |test                                                                        64
2025-09-26 22:37:23|   1.3|  0.0|STATS |==============================================================================
2025-09-26 22:37:23|   1.3|  0.0|STATS |Total Features Written                                                      64
2025-09-26 22:37:23|   1.3|  0.0|STATS |=-=-=-=-=-=-=-=-=-=-=-=-=-=-=-=-=-=-=-=-=-=-=-=-=-=-=-=-=-=-=-=-=-=-=-=-=-=-=-
2025-09-26 22:37:23|   1.3|  0.0|WARN  |-~-~-~-~-~-~-~-~-~-~-~-~-~-~-~-~-~-~-~-~-~-~-~-~-~-~-~-~-~-~-~-~-~-~-~-~-~-~-~-~-
2025-09-26 22:37:23|   1.3|  0.0|WARN  |-~                                                                             ~-
2025-09-26 22:37:23|   1.3|  0.0|WARN  |-~    Feature caches have been recorded at every stage of the translation.     ~-
2025-09-26 22:37:23|   1.3|  0.0|WARN  |-~                      To inspect the recorded features,                      ~-
2025-09-26 22:37:23|   1.3|  0.0|WARN  |-~              click the feature cache icons next to the ports.               ~-
2025-09-26 22:37:23|   1.3|  0.0|WARN  |-~                                                                             ~-
2025-09-26 22:37:23|   1.3|  0.0|WARN  |-~-~-~-~-~-~-~-~-~-~-~-~-~-~-~-~-~-~-~-~-~-~-~-~-~-~-~-~-~-~-~-~-~-~-~-~-~-~-~-~-
2025-09-26 22:37:23|   1.3|  0.0|INFORM|Translation was SUCCESSFUL with 7 warning(s) (64 feature(s) output)
2025-09-26 22:37:23|   1.3|  0.0|INFORM|FME Session Duration: 3.5 seconds. (CPU: 0.5s user, 0.8s system)
2025-09-26 22:37:23|   1.3|  0.0|INFORM|END - ProcessID: 13772, peak process memory usage: 62676 kB, current process memory usage: 62676 kB
