2025-01-30 22:17:27|   0.0|  0.0|INFORM|Current FME version: FME 2024.1.3.0 (20240927 - Build 24627 - WIN64)
2025-01-30 22:17:27|   0.0|  0.0|INFORM|System Time: 20250130211728 UTC
2025-01-30 22:17:27|   0.0|  0.0|INFORM|FME_HOME is 'C:\Program Files\FME\'
2025-01-30 22:17:27|   0.0|  0.0|INFORM|FME Form Fixed (node locked-crc)
2025-01-30 22:17:27|   0.0|  0.0|INFORM|Serial Number: SEC6-2AWB-24J6
2025-01-30 22:17:27|   0.0|  0.0|INFORM|Temporary License: 1 days left.
2025-01-30 22:17:27|   0.0|  0.0|INFORM|Machine host name is: LAPTOP-CC4CD30S
2025-01-30 22:17:27|   0.0|  0.0|INFORM|OS Locale Name     : en_US
2025-01-30 22:17:27|   0.0|  0.0|INFORM|OS Locale Encoding : windows-1252
2025-01-30 22:17:27|   0.0|  0.0|INFORM|Process Encoding   : UTF-8
2025-01-30 22:17:27|   0.0|  0.0|INFORM|FME API version: '4.0 20240212'
2025-01-30 22:17:27|   0.0|  0.0|INFORM|FME Configuration: FME_BASE is 'no'
2025-01-30 22:17:27|   0.0|  0.0|INFORM|FME Configuration: FME_MF_DIR is 'C:\p5serve_fme_svg\sketches\onlylines9ge3/'
2025-01-30 22:17:27|   0.0|  0.0|INFORM|FME Configuration: FME_MF_NAME is 'lines.fmw'
2025-01-30 22:17:27|   0.0|  0.0|INFORM|FME Configuration: FME_PRODUCT_NAME is 'FME(R) 2024.1.3.0'
2025-01-30 22:17:27|   0.0|  0.0|INFORM|Operating System: Microsoft Windows 11 64-bit  (Build 22631)
2025-01-30 22:17:27|   0.0|  0.0|INFORM|FME Platform: WIN64
2025-01-30 22:17:27|   0.0|  0.0|INFORM|System Status: 16.32 GB of disk space available in the FME temporary folder (C:\Users\Aleks\AppData\Local\Temp\wbrun_1738271806936_14128\fmetmp_2)
2025-01-30 22:17:27|   0.0|  0.0|INFORM|System Status: 7.89 GB of physical memory available
2025-01-30 22:17:27|   0.0|  0.0|INFORM|System Status: 31.56 GB of virtual memory available
2025-01-30 22:17:27|   0.0|  0.0|INFORM|START - ProcessID: 17524, peak process memory usage: 41792 kB, current process memory usage: 41792 kB
2025-01-30 22:17:27|   0.0|  0.0|INFORM|FME Configuration: Command line arguments are `C:\Program Files\FME\fme.exe' `C:\p5serve_fme_svg\sketches\onlylines9ge3\wb-xlate-1738271845465_14128' `LOG_STANDARDOUT' `YES' `LOG_TIMINGS' `YES' `LogCountServerName' `52905' `LOG_STANDARDOUT' `No' `WORKBENCH_LOG_SERVER' `52898'
2025-01-30 22:17:27|   0.0|  0.0|INFORM|FME Configuration: Connection Storage: 'C:\Users\Aleks\AppData\Roaming\Safe Software\FME\'
2025-01-30 22:17:27|   0.0|  0.0|INFORM|Shared folders for formats are : C:\Program Files\FME\datasources;C:\Users\Aleks\Documents\FME\Formats
2025-01-30 22:17:27|   0.0|  0.0|INFORM|Shared folders for transformers are : C:\Users\Aleks\AppData\Roaming\Safe Software\FME\Packages\24627-win64\transformers;C:\Program Files\FME\transformers;C:\Users\Aleks\AppData\Roaming\Safe Software\FME\FME Store\Transformers
2025-01-30 22:17:27|   0.0|  0.0|INFORM|Shared folders for coordinate systems are : C:\Users\Aleks\Documents\FME\CoordinateSystems
2025-01-30 22:17:27|   0.0|  0.0|INFORM|Shared folders for coordinate system exceptions are : C:\Users\Aleks\Documents\FME\CoordinateSystemExceptions
2025-01-30 22:17:27|   0.0|  0.0|INFORM|Shared folders for coordinate system grid overrides are : C:\Users\Aleks\Documents\FME\CoordinateSystemGridOverrides
2025-01-30 22:17:27|   0.0|  0.0|INFORM|Shared folders for CS-MAP transformation exceptions are : C:\Users\Aleks\Documents\FME\CsmapTransformationExceptions
2025-01-30 22:17:27|   0.0|  0.0|INFORM|Shared folders for transformer categories are : C:\Users\Aleks\Documents\FME\TransformerCategories
2025-01-30 22:17:27|   0.0|  0.0|INFORM|FME Configuration: Reader Keyword is `MULTI_READER'
2025-01-30 22:17:27|   0.0|  0.0|INFORM|FME Configuration: Writer Keyword is `PRIMARY_DEST'
2025-01-30 22:17:27|   0.0|  0.0|INFORM|FME Configuration: Writer Group Definition Keyword is `PRIMARY_DEST_DEF'
2025-01-30 22:17:27|   0.0|  0.0|INFORM|FME Configuration: Reader type is `MULTI_READER'
2025-01-30 22:17:27|   0.0|  0.0|INFORM|FME Configuration: Writer type is `MULTI_WRITER'
2025-01-30 22:17:27|   0.0|  0.0|INFORM|FME Configuration: No destination coordinate system set
2025-01-30 22:17:27|   0.0|  0.0|INFORM|FME Configuration: Current working folder is `C:\p5serve_fme_svg\sketches\onlylines9ge3'
2025-01-30 22:17:27|   0.0|  0.0|INFORM|FME Configuration: Temporary folder is `C:\Users\Aleks\AppData\Local\Temp\wbrun_1738271806936_14128\fmetmp_2', set from environment variable `FME_TEMP'
2025-01-30 22:17:27|   0.0|  0.0|INFORM|FME Configuration: Cache folder is 'C:\Users\Aleks\AppData\Local\Temp'
2025-01-30 22:17:27|   0.0|  0.0|INFORM|FME Configuration: FME_HOME is `C:\Program Files\FME\'
2025-01-30 22:17:27|   0.0|  0.0|INFORM|FME Configuration: Start freeing memory when the process exceeds 23.67 GB
2025-01-30 22:17:27|   0.0|  0.0|INFORM|FME Configuration: Stop freeing memory when the process is below 17.75 GB
2025-01-30 22:17:28|   0.0|  0.0|INFORM|Creating writer for format: 
2025-01-30 22:17:28|   0.0|  0.0|INFORM|Creating reader for format: 
2025-01-30 22:17:28|   0.0|  0.0|INFORM|MULTI_READER(MULTI_READER): Will fail with first member reader failure
2025-01-30 22:17:28|   0.0|  0.0|INFORM|Using Multi Reader with keyword `MULTI_READER' to read multiple datasets
2025-01-30 22:17:28|   0.0|  0.0|INFORM|Using MultiWriter with keyword `PRIMARY_DEST' to output data (ID_ATTRIBUTE is `multi_writer_id')
2025-01-30 22:17:28|   0.0|  0.0|INFORM|Writer output will be ordered by value of multi_writer_id
2025-01-30 22:17:28|   0.0|  0.0|INFORM|Loaded module 'LogCount_func' from file 'C:\Program Files\FME\plugins/LogCount_func.dll'
2025-01-30 22:17:28|   0.0|  0.0|INFORM|FME API version of module 'LogCount_func' matches current internal version (4.0 20240212)
2025-01-30 22:17:28|   0.0|  0.0|INFORM|Emptying factory pipeline
2025-01-30 22:17:28|   0.0|  0.0|STATS |Restoring 700 feature(s) from FME feature store file `C:\Users\Aleks\AppData\Local\Temp\wb-cache-lines-OPcePA\Main_PythonCaller_2 -1 8 fo 0 OUTPUT  0  153931a047f338e04abc8bf8fd7fac574f83cdde.ffs'
2025-01-30 22:17:28|   0.0|  0.0|INFORM|Creating writer for format: SVG (Scalable Vector Graphics)
2025-01-30 22:17:28|   0.0|  0.0|INFORM|Trying to find a DYNAMIC plugin for writer named `SVG'
2025-01-30 22:17:28|   0.0|  0.0|INFORM|Loaded module 'SVG' from file 'C:\Program Files\FME\plugins/SVG.dll'
2025-01-30 22:17:28|   0.0|  0.0|INFORM|FME API version of module 'SVG' matches current internal version (4.0 20240212)
2025-01-30 22:17:28|   0.0|  0.0|INFORM|FME Configuration: No destination coordinate system set
2025-01-30 22:17:28|   0.0|  0.0|INFORM|Writer `SVG_1' of type `SVG' using group definition keyword `SVG_1_DEF'
2025-01-30 22:17:28|   0.1|  0.1|STATS |Destination Feature Type Routing Correlator (RoutingFactory): Tested 700 input feature(s), wrote 700 output feature(s): 0 matched merge filters, 700 were routed to output, 0 could not be routed.
2025-01-30 22:17:28|   0.1|  0.0|STATS |Final Output Nuker (TeeFactory): Cloned 0 input feature(s) into 0 output feature(s)
2025-01-30 22:17:28|   0.1|  0.0|INFORM|Loading user defined SVG template `C:\Program Files\FME\svg\defaultTemplate.svg'
2025-01-30 22:17:28|   0.1|  0.0|INFORM|All DTD information in the SVG template document is overridden
2025-01-30 22:17:28|   0.1|  0.0|INFORM|=-=-=-=-=-=-=-=-=-=-=-=-=-=-=-=-=-=-=-=-=-=-=-=-=-=-=-=-=-=-=-=-=-=-=-=-=-=-=-
2025-01-30 22:17:28|   0.1|  0.0|INFORM|Feature output statistics for `SVG' writer using keyword `SVG_1':
2025-01-30 22:17:28|   0.1|  0.0|STATS |=-=-=-=-=-=-=-=-=-=-=-=-=-=-=-=-=-=-=-=-=-=-=-=-=-=-=-=-=-=-=-=-=-=-=-=-=-=-=-
2025-01-30 22:17:28|   0.1|  0.0|STATS |                               Features Written
2025-01-30 22:17:28|   0.1|  0.0|STATS |=-=-=-=-=-=-=-=-=-=-=-=-=-=-=-=-=-=-=-=-=-=-=-=-=-=-=-=-=-=-=-=-=-=-=-=-=-=-=-
2025-01-30 22:17:28|   0.1|  0.0|STATS |test                                                                       700
2025-01-30 22:17:28|   0.1|  0.0|STATS |==============================================================================
2025-01-30 22:17:28|   0.1|  0.0|STATS |Total Features Written                                                     700
2025-01-30 22:17:28|   0.1|  0.0|STATS |=-=-=-=-=-=-=-=-=-=-=-=-=-=-=-=-=-=-=-=-=-=-=-=-=-=-=-=-=-=-=-=-=-=-=-=-=-=-=-
2025-01-30 22:17:28|   0.1|  0.0|STATS |=-=-=-=-=-=-=-=-=-=-=-=-=-=-=-=-=-=-=-=-=-=-=-=-=-=-=-=-=-=-=-=-=-=-=-=-=-=-=-
2025-01-30 22:17:28|   0.1|  0.0|STATS |                            Features Read Summary
2025-01-30 22:17:28|   0.1|  0.0|STATS |=-=-=-=-=-=-=-=-=-=-=-=-=-=-=-=-=-=-=-=-=-=-=-=-=-=-=-=-=-=-=-=-=-=-=-=-=-=-=-
2025-01-30 22:17:28|   0.1|  0.0|STATS |==============================================================================
2025-01-30 22:17:28|   0.1|  0.0|STATS |Total Features Read                                                          0
2025-01-30 22:17:28|   0.1|  0.0|STATS |=-=-=-=-=-=-=-=-=-=-=-=-=-=-=-=-=-=-=-=-=-=-=-=-=-=-=-=-=-=-=-=-=-=-=-=-=-=-=-
2025-01-30 22:17:28|   0.1|  0.0|STATS |=-=-=-=-=-=-=-=-=-=-=-=-=-=-=-=-=-=-=-=-=-=-=-=-=-=-=-=-=-=-=-=-=-=-=-=-=-=-=-
2025-01-30 22:17:28|   0.1|  0.0|STATS |                           Features Written Summary
2025-01-30 22:17:28|   0.1|  0.0|STATS |=-=-=-=-=-=-=-=-=-=-=-=-=-=-=-=-=-=-=-=-=-=-=-=-=-=-=-=-=-=-=-=-=-=-=-=-=-=-=-
2025-01-30 22:17:28|   0.1|  0.0|STATS |test                                                                       700
2025-01-30 22:17:28|   0.1|  0.0|STATS |==============================================================================
2025-01-30 22:17:28|   0.1|  0.0|STATS |Total Features Written                                                     700
2025-01-30 22:17:28|   0.1|  0.0|STATS |=-=-=-=-=-=-=-=-=-=-=-=-=-=-=-=-=-=-=-=-=-=-=-=-=-=-=-=-=-=-=-=-=-=-=-=-=-=-=-
2025-01-30 22:17:28|   0.1|  0.0|WARN  |-~-~-~-~-~-~-~-~-~-~-~-~-~-~-~-~-~-~-~-~-~-~-~-~-~-~-~-~-~-~-~-~-~-~-~-~-~-~-~-~-
2025-01-30 22:17:28|   0.1|  0.0|WARN  |-~                                                                             ~-
2025-01-30 22:17:28|   0.1|  0.0|WARN  |-~    Feature caches have been recorded at every stage of the translation.     ~-
2025-01-30 22:17:28|   0.1|  0.0|WARN  |-~                      To inspect the recorded features,                      ~-
2025-01-30 22:17:28|   0.1|  0.0|WARN  |-~              click the feature cache icons next to the ports.               ~-
2025-01-30 22:17:28|   0.1|  0.0|WARN  |-~                                                                             ~-
2025-01-30 22:17:28|   0.1|  0.0|WARN  |-~-~-~-~-~-~-~-~-~-~-~-~-~-~-~-~-~-~-~-~-~-~-~-~-~-~-~-~-~-~-~-~-~-~-~-~-~-~-~-~-
2025-01-30 22:17:28|   0.1|  0.0|INFORM|Translation was SUCCESSFUL with 7 warning(s) (700 feature(s) output)
2025-01-30 22:17:28|   0.1|  0.0|INFORM|FME Session Duration: 0.6 seconds. (CPU: 0.1s user, 0.0s system)
2025-01-30 22:17:28|   0.1|  0.0|INFORM|END - ProcessID: 17524, peak process memory usage: 48464 kB, current process memory usage: 48464 kB
