2025-09-26 22:24:49|   0.0|  0.0|INFORM|Current FME version: FME 2024.1.3.0 (20240927 - Build 24627 - WIN64)
2025-09-26 22:24:49|   0.0|  0.0|INFORM|System Time: 20250926202450 UTC
2025-09-26 22:24:49|   0.0|  0.0|INFORM|FME_HOME is 'C:\Program Files\FME\'
2025-09-26 22:24:49|   0.0|  0.0|INFORM|FME Form Fixed (node locked-crc)
2025-09-26 22:24:49|   0.0|  0.0|INFORM|Serial Number: SEC6-2AWB-24J6
2025-09-26 22:24:49|   0.0|  0.0|INFORM|Temporary License: 127 days left.
2025-09-26 22:24:49|   0.0|  0.0|INFORM|Machine host name is: LAPTOP-CC4CD30S
2025-09-26 22:24:49|   0.0|  0.0|INFORM|OS Locale Name     : en_US
2025-09-26 22:24:49|   0.0|  0.0|INFORM|OS Locale Encoding : windows-1252
2025-09-26 22:24:49|   0.0|  0.0|INFORM|Process Encoding   : UTF-8
2025-09-26 22:24:49|   0.0|  0.0|INFORM|FME API version: '4.0 20240212'
2025-09-26 22:24:49|   0.0|  0.0|INFORM|FME Configuration: FME_BASE is 'no'
2025-09-26 22:24:49|   0.0|  0.0|INFORM|FME Configuration: FME_MF_DIR is 'C:\p5serve_fme_svg\sketches\garage_science/'
2025-09-26 22:24:49|   0.0|  0.0|INFORM|FME Configuration: FME_MF_NAME is 'dynamic_schema.fmw'
2025-09-26 22:24:49|   0.0|  0.0|INFORM|FME Configuration: FME_PRODUCT_NAME is 'FME(R) 2024.1.3.0'
2025-09-26 22:24:49|   0.0|  0.0|INFORM|Operating System: Microsoft Windows 11 64-bit  (Build 22631)
2025-09-26 22:24:49|   0.0|  0.0|INFORM|FME Platform: WIN64
2025-09-26 22:24:49|   0.0|  0.0|INFORM|System Status: 11.44 GB of disk space available in the FME temporary folder (C:\Users\Aleks\AppData\Local\Temp\wbrun_1758917729000_1760\fmetmp_5)
2025-09-26 22:24:49|   0.0|  0.0|INFORM|System Status: 7.89 GB of physical memory available
2025-09-26 22:24:49|   0.0|  0.0|INFORM|System Status: 31.56 GB of virtual memory available
2025-09-26 22:24:49|   0.0|  0.0|INFORM|START - ProcessID: 5872, peak process memory usage: 41120 kB, current process memory usage: 41120 kB
2025-09-26 22:24:49|   0.0|  0.0|INFORM|FME Configuration: Command line arguments are `C:\Program Files\FME\fme.exe' `C:\p5serve_fme_svg\sketches\garage_science\wb-xlate-1758918287959_1760' `LOG_STANDARDOUT' `YES' `LOG_TIMINGS' `YES' `LogCountServerName' `60572' `LOG_STANDARDOUT' `No' `WORKBENCH_LOG_SERVER' `63649'
2025-09-26 22:24:49|   0.0|  0.0|INFORM|FME Configuration: Connection Storage: 'C:\Users\Aleks\AppData\Roaming\Safe Software\FME\'
2025-09-26 22:24:50|   0.0|  0.0|INFORM|Shared folders for formats are : C:\Program Files\FME\datasources;C:\Users\Aleks\Documents\FME\Formats
2025-09-26 22:24:50|   0.0|  0.0|INFORM|Shared folders for transformers are : C:\Users\Aleks\AppData\Roaming\Safe Software\FME\Packages\24627-win64\transformers;C:\Program Files\FME\transformers;C:\Users\Aleks\AppData\Roaming\Safe Software\FME\FME Store\Transformers
2025-09-26 22:24:50|   0.0|  0.0|INFORM|Shared folders for coordinate systems are : C:\Users\Aleks\Documents\FME\CoordinateSystems
2025-09-26 22:24:50|   0.0|  0.0|INFORM|Shared folders for coordinate system exceptions are : C:\Users\Aleks\Documents\FME\CoordinateSystemExceptions
2025-09-26 22:24:50|   0.0|  0.0|INFORM|Shared folders for coordinate system grid overrides are : C:\Users\Aleks\Documents\FME\CoordinateSystemGridOverrides
2025-09-26 22:24:50|   0.0|  0.0|INFORM|Shared folders for CS-MAP transformation exceptions are : C:\Users\Aleks\Documents\FME\CsmapTransformationExceptions
2025-09-26 22:24:50|   0.0|  0.0|INFORM|Shared folders for transformer categories are : C:\Users\Aleks\Documents\FME\TransformerCategories
2025-09-26 22:24:50|   0.0|  0.0|INFORM|FME Configuration: Reader Keyword is `MULTI_READER'
2025-09-26 22:24:50|   0.0|  0.0|INFORM|FME Configuration: Writer Keyword is `PRIMARY_DEST'
2025-09-26 22:24:50|   0.0|  0.0|INFORM|FME Configuration: Writer Group Definition Keyword is `PRIMARY_DEST_DEF'
2025-09-26 22:24:50|   0.0|  0.0|INFORM|FME Configuration: Reader type is `MULTI_READER'
2025-09-26 22:24:50|   0.0|  0.0|INFORM|FME Configuration: Writer type is `MULTI_WRITER'
2025-09-26 22:24:50|   0.0|  0.0|INFORM|FME Configuration: No destination coordinate system set
2025-09-26 22:24:50|   0.0|  0.0|INFORM|FME Configuration: Current working folder is `C:\p5serve_fme_svg\sketches\garage_science'
2025-09-26 22:24:50|   0.0|  0.0|INFORM|FME Configuration: Temporary folder is `C:\Users\Aleks\AppData\Local\Temp\wbrun_1758917729000_1760\fmetmp_5', set from environment variable `FME_TEMP'
2025-09-26 22:24:50|   0.0|  0.0|INFORM|FME Configuration: Cache folder is 'C:\Users\Aleks\AppData\Local\Temp'
2025-09-26 22:24:50|   0.0|  0.0|INFORM|FME Configuration: FME_HOME is `C:\Program Files\FME\'
2025-09-26 22:24:50|   0.0|  0.0|INFORM|FME Configuration: Start freeing memory when the process exceeds 23.67 GB
2025-09-26 22:24:50|   0.0|  0.0|INFORM|FME Configuration: Stop freeing memory when the process is below 17.75 GB
2025-09-26 22:24:50|   0.0|  0.0|INFORM|Creating writer for format: 
2025-09-26 22:24:50|   0.0|  0.0|INFORM|Creating reader for format: 
2025-09-26 22:24:50|   0.0|  0.0|INFORM|MULTI_READER(MULTI_READER): Will fail with first member reader failure
2025-09-26 22:24:50|   0.0|  0.0|INFORM|Using Multi Reader with keyword `MULTI_READER' to read multiple datasets
2025-09-26 22:24:50|   0.0|  0.0|INFORM|Using MultiWriter with keyword `PRIMARY_DEST' to output data (ID_ATTRIBUTE is `multi_writer_id')
2025-09-26 22:24:50|   0.0|  0.0|INFORM|Writer output will be ordered by value of multi_writer_id
2025-09-26 22:24:50|   0.0|  0.0|INFORM|Loaded module 'LogCount_func' from file 'C:\Program Files\FME\plugins/LogCount_func.dll'
2025-09-26 22:24:50|   0.0|  0.0|INFORM|FME API version of module 'LogCount_func' matches current internal version (4.0 20240212)
2025-09-26 22:24:50|   0.0|  0.0|INFORM|Emptying factory pipeline
2025-09-26 22:24:50|   0.0|  0.0|STATS |Router and Unexpected Input Remover (RoutingFactory): Tested 0 input feature(s), wrote 0 output feature(s): 0 matched merge filters, 0 were routed to output, 0 could not be routed.
2025-09-26 22:24:50|   0.0|  0.0|STATS |Unwanted Router Input Nuker (TeeFactory): Cloned 0 input feature(s) into 0 output feature(s)
2025-09-26 22:24:50|   0.0|  0.0|STATS |ports_SHAPEFILE_3 Splitter (TeeFactory): Cloned 0 input feature(s) into 0 output feature(s)
2025-09-26 22:24:50|   0.3|  0.3|STATS |Restoring 1081 feature(s) from FME feature store file `C:\Users\Aleks\AppData\Local\Temp\wb-cache-dynamic_schema-vycaYe\Main_FeatureReader -1 3 fo 1 _lt_OTHER_gt_  0  960100dd24427557b71926e32520dcd50d675120.ffs'
2025-09-26 22:24:50|   0.3|  0.0|STATS |Restoring 1 feature(s) from FME feature store file `C:\Users\Aleks\AppData\Local\Temp\wb-cache-dynamic_schema-vycaYe\Main_FeatureReader -1 3 fo 0 _lt_SCHEMA_gt_  0  2f36e97af00a4d3b88139159aeb88ec165629820.ffs'
2025-09-26 22:24:50|   0.3|  0.0|INFORM|Creating reader for format: Esri Shapefile
2025-09-26 22:24:50|   0.4|  0.1|INFORM|Trying to find a DYNAMIC plugin for reader named `SHAPEFILE'
2025-09-26 22:24:50|   0.4|  0.0|INFORM|Loaded module 'SHAPEFILE' from file 'C:\Program Files\FME\plugins/shapefile_dbase.dll'
2025-09-26 22:24:50|   0.4|  0.0|INFORM|FME API version of module 'shapefile_dbase' matches current internal version (4.0 20240212)
2025-09-26 22:24:50|   0.4|  0.0|INFORM|Creating reader for format: Esri Shapefile
2025-09-26 22:24:50|   0.4|  0.0|INFORM|Trying to find a DYNAMIC plugin for reader named `SHAPEFILE'
2025-09-26 22:24:50|   0.4|  0.0|INFORM|SHAPEFILE reader: Opening dataset 'C:\p5serve_fme_svg\sketches\garage_science\data\ports.shp'
2025-09-26 22:24:50|   0.5|  0.1|INFORM|The OGC definition of the FME coordinate system '_LL-WGS84_1' is 'GEOGCS["GCS_WGS_1984",DATUM["D_WGS_1984",SPHEROID["WGS_1984",6378137.0,298.257223563]],PRIMEM["Greenwich",0.0],UNIT["Degree",0.017453292519943295]]'
2025-09-26 22:24:50|   0.5|  0.0|INFORM|Shapefile reader: Reading dataset with encoding 'UTF-8' as determined by 'Codepage File'
2025-09-26 22:24:50|   0.5|  0.0|INFORM|Reader `SHAPEFILE_3' of type `SHAPEFILE' provided schema for types: ports
2025-09-26 22:24:50|   0.5|  0.0|INFORM|Creating writer for format: Esri Shapefile
2025-09-26 22:24:50|   0.5|  0.0|INFORM|Trying to find a DYNAMIC plugin for writer named `SHAPEFILE'
2025-09-26 22:24:50|   0.5|  0.0|INFORM|FME Configuration: No destination coordinate system set
2025-09-26 22:24:50|   0.5|  0.0|INFORM|Writer `SHAPEFILE_1' of type `SHAPEFILE' using group definition keyword `SHAPEFILE_1_DEF'
2025-09-26 22:24:50|   0.5|  0.0|INFORM|SHAPEFILE Writer: Writing files using character encoding 'utf-8'
2025-09-26 22:24:50|   0.5|  0.0|INFORM|Shapefile Writer: Feature Type 'd_y_n' set to geometry type 'shapefile_point'
2025-09-26 22:24:50|   0.5|  0.0|INFORM|Shapefile Writer: Detected coordinate system '_LL-WGS84_0' on feature type 'ports_dynamic'
2025-09-26 22:24:50|   0.5|  0.0|WARN  |Cannot find a matching schema named 'ports_dynamic' in the known set of schemas: 'ports'. Known schema sources are: 'Schema from Schema Feature, SHAPEFILE_3'. Please verify writer feature type configuration
2025-09-26 22:24:50|   0.5|  0.0|INFORM|Shapefile Writer: Automatically detected 'point_2D' Shape type for feature type 'ports_dynamic'
2025-09-26 22:24:50|   0.6|  0.1|STATS |AttributeExposer (TeeFactory): Cloned 1082 input feature(s) into 1082 output feature(s)
2025-09-26 22:24:50|   0.7|  0.1|STATS |Destination Feature Type Routing Correlator (RoutingFactory): Tested 1082 input feature(s), wrote 1082 output feature(s): 0 matched merge filters, 1082 were routed to output, 0 could not be routed.
2025-09-26 22:24:50|   0.7|  0.0|STATS |Final Output Nuker (TeeFactory): Cloned 0 input feature(s) into 0 output feature(s)
2025-09-26 22:24:50|   0.7|  0.0|INFORM|=-=-=-=-=-=-=-=-=-=-=-=-=-=-=-=-=-=-=-=-=-=-=-=-=-=-=-=-=-=-=-=-=-=-=-=-=-=-=-
2025-09-26 22:24:50|   0.7|  0.0|INFORM|Feature output statistics for `SHAPEFILE' writer using keyword `SHAPEFILE_1':
2025-09-26 22:24:50|   0.7|  0.0|STATS |=-=-=-=-=-=-=-=-=-=-=-=-=-=-=-=-=-=-=-=-=-=-=-=-=-=-=-=-=-=-=-=-=-=-=-=-=-=-=-
2025-09-26 22:24:50|   0.7|  0.0|STATS |                               Features Written
2025-09-26 22:24:50|   0.7|  0.0|STATS |=-=-=-=-=-=-=-=-=-=-=-=-=-=-=-=-=-=-=-=-=-=-=-=-=-=-=-=-=-=-=-=-=-=-=-=-=-=-=-
2025-09-26 22:24:50|   0.7|  0.0|STATS |ports_dynamic                                                             1082
2025-09-26 22:24:50|   0.7|  0.0|STATS |==============================================================================
2025-09-26 22:24:50|   0.7|  0.0|STATS |Total Features Written                                                    1082
2025-09-26 22:24:50|   0.7|  0.0|STATS |=-=-=-=-=-=-=-=-=-=-=-=-=-=-=-=-=-=-=-=-=-=-=-=-=-=-=-=-=-=-=-=-=-=-=-=-=-=-=-
2025-09-26 22:24:50|   0.7|  0.0|STATS |=-=-=-=-=-=-=-=-=-=-=-=-=-=-=-=-=-=-=-=-=-=-=-=-=-=-=-=-=-=-=-=-=-=-=-=-=-=-=-
2025-09-26 22:24:50|   0.7|  0.0|STATS |                            Features Read Summary
2025-09-26 22:24:50|   0.7|  0.0|STATS |=-=-=-=-=-=-=-=-=-=-=-=-=-=-=-=-=-=-=-=-=-=-=-=-=-=-=-=-=-=-=-=-=-=-=-=-=-=-=-
2025-09-26 22:24:50|   0.7|  0.0|STATS |==============================================================================
2025-09-26 22:24:50|   0.7|  0.0|STATS |Total Features Read                                                          0
2025-09-26 22:24:50|   0.7|  0.0|STATS |=-=-=-=-=-=-=-=-=-=-=-=-=-=-=-=-=-=-=-=-=-=-=-=-=-=-=-=-=-=-=-=-=-=-=-=-=-=-=-
2025-09-26 22:24:50|   0.7|  0.0|STATS |=-=-=-=-=-=-=-=-=-=-=-=-=-=-=-=-=-=-=-=-=-=-=-=-=-=-=-=-=-=-=-=-=-=-=-=-=-=-=-
2025-09-26 22:24:50|   0.7|  0.0|STATS |                           Features Written Summary
2025-09-26 22:24:50|   0.7|  0.0|STATS |=-=-=-=-=-=-=-=-=-=-=-=-=-=-=-=-=-=-=-=-=-=-=-=-=-=-=-=-=-=-=-=-=-=-=-=-=-=-=-
2025-09-26 22:24:50|   0.7|  0.0|STATS |ports_dynamic                                                             1082
2025-09-26 22:24:50|   0.7|  0.0|STATS |==============================================================================
2025-09-26 22:24:50|   0.7|  0.0|STATS |Total Features Written                                                    1082
2025-09-26 22:24:50|   0.7|  0.0|STATS |=-=-=-=-=-=-=-=-=-=-=-=-=-=-=-=-=-=-=-=-=-=-=-=-=-=-=-=-=-=-=-=-=-=-=-=-=-=-=-
2025-09-26 22:24:50|   0.7|  0.0|WARN  |-~-~-~-~-~-~-~-~-~-~-~-~-~-~-~-~-~-~-~-~-~-~-~-~-~-~-~-~-~-~-~-~-~-~-~-~-~-~-~-~-
2025-09-26 22:24:50|   0.7|  0.0|WARN  |-~                                                                             ~-
2025-09-26 22:24:50|   0.7|  0.0|WARN  |-~    Feature caches have been recorded at every stage of the translation.     ~-
2025-09-26 22:24:50|   0.7|  0.0|WARN  |-~                      To inspect the recorded features,                      ~-
2025-09-26 22:24:50|   0.7|  0.0|WARN  |-~              click the feature cache icons next to the ports.               ~-
2025-09-26 22:24:50|   0.7|  0.0|WARN  |-~                                                                             ~-
2025-09-26 22:24:50|   0.7|  0.0|WARN  |-~-~-~-~-~-~-~-~-~-~-~-~-~-~-~-~-~-~-~-~-~-~-~-~-~-~-~-~-~-~-~-~-~-~-~-~-~-~-~-~-
2025-09-26 22:24:50|   0.7|  0.0|INFORM|Translation was SUCCESSFUL with 8 warning(s) (1082 feature(s) output)
2025-09-26 22:24:50|   0.7|  0.0|INFORM|FME Session Duration: 1 second. (CPU: 0.4s user, 0.3s system)
2025-09-26 22:24:50|   0.7|  0.0|INFORM|END - ProcessID: 5872, peak process memory usage: 96892 kB, current process memory usage: 96804 kB
