2025-01-06 19:58:28|   0.0|  0.0|INFORM|Current FME version: FME 2024.1.3.0 (20240927 - Build 24627 - WIN64)
2025-01-06 19:58:28|   0.0|  0.0|INFORM|System Time: 20250106185829 UTC
2025-01-06 19:58:28|   0.0|  0.0|INFORM|FME_HOME is 'C:\Program Files\FME\'
2025-01-06 19:58:28|   0.0|  0.0|INFORM|FME Form Fixed (node locked-crc)
2025-01-06 19:58:28|   0.0|  0.0|INFORM|Serial Number: SEC6-2AWB-24J6
2025-01-06 19:58:28|   0.0|  0.0|INFORM|Temporary License: 25 days left.
2025-01-06 19:58:28|   0.0|  0.0|INFORM|Machine host name is: LAPTOP-CC4CD30S
2025-01-06 19:58:28|   0.0|  0.0|INFORM|OS Locale Name     : en_US
2025-01-06 19:58:28|   0.0|  0.0|INFORM|OS Locale Encoding : windows-1252
2025-01-06 19:58:28|   0.0|  0.0|INFORM|Process Encoding   : UTF-8
2025-01-06 19:58:28|   0.0|  0.0|INFORM|FME API version: '4.0 20240212'
2025-01-06 19:58:28|   0.0|  0.0|INFORM|FME Configuration: FME_BASE is 'no'
2025-01-06 19:58:28|   0.0|  0.0|INFORM|FME Configuration: FME_MF_DIR is 'C:\p5serve_fme_svg\sketches\_2_only_lines/'
2025-01-06 19:58:28|   0.0|  0.0|INFORM|FME Configuration: FME_MF_NAME is 'lines_rotated.fmw'
2025-01-06 19:58:28|   0.0|  0.0|INFORM|FME Configuration: FME_PRODUCT_NAME is 'FME(R) 2024.1.3.0'
2025-01-06 19:58:28|   0.0|  0.0|INFORM|Operating System: Microsoft Windows 11 64-bit  (Build 22631)
2025-01-06 19:58:28|   0.0|  0.0|INFORM|FME Platform: WIN64
2025-01-06 19:58:28|   0.0|  0.0|INFORM|System Status: 14.98 GB of disk space available in the FME temporary folder (C:\Users\Aleks\AppData\Local\Temp\wbrun_1736189831146_4296\fmetmp_3)
2025-01-06 19:58:28|   0.0|  0.0|INFORM|System Status: 7.89 GB of physical memory available
2025-01-06 19:58:28|   0.0|  0.0|INFORM|System Status: 31.56 GB of virtual memory available
2025-01-06 19:58:28|   0.0|  0.0|INFORM|START - ProcessID: 9660, peak process memory usage: 42260 kB, current process memory usage: 41920 kB
2025-01-06 19:58:28|   0.0|  0.0|INFORM|FME Configuration: Command line arguments are `C:\Program Files\FME\fme.exe' `C:\p5serve_fme_svg\sketches\_2_only_lines\wb-xlate-1736189908267_4296' `LOG_STANDARDOUT' `YES' `LOG_TIMINGS' `YES' `LogCountServerName' `57030' `LOG_STANDARDOUT' `No' `WORKBENCH_LOG_SERVER' `57028'
2025-01-06 19:58:28|   0.0|  0.0|INFORM|FME Configuration: Connection Storage: 'C:\Users\Aleks\AppData\Roaming\Safe Software\FME\'
2025-01-06 19:58:29|   0.0|  0.0|INFORM|Shared folders for formats are : C:\Program Files\FME\datasources;C:\Users\Aleks\Documents\FME\Formats
2025-01-06 19:58:29|   0.0|  0.0|INFORM|Shared folders for transformers are : C:\Users\Aleks\AppData\Roaming\Safe Software\FME\Packages\24627-win64\transformers;C:\Program Files\FME\transformers;C:\Users\Aleks\AppData\Roaming\Safe Software\FME\FME Store\Transformers
2025-01-06 19:58:29|   0.1|  0.1|INFORM|Shared folders for coordinate systems are : C:\Users\Aleks\Documents\FME\CoordinateSystems
2025-01-06 19:58:29|   0.1|  0.0|INFORM|Shared folders for coordinate system exceptions are : C:\Users\Aleks\Documents\FME\CoordinateSystemExceptions
2025-01-06 19:58:29|   0.1|  0.0|INFORM|Shared folders for coordinate system grid overrides are : C:\Users\Aleks\Documents\FME\CoordinateSystemGridOverrides
2025-01-06 19:58:29|   0.1|  0.0|INFORM|Shared folders for CS-MAP transformation exceptions are : C:\Users\Aleks\Documents\FME\CsmapTransformationExceptions
2025-01-06 19:58:29|   0.1|  0.0|INFORM|Shared folders for transformer categories are : C:\Users\Aleks\Documents\FME\TransformerCategories
2025-01-06 19:58:29|   0.1|  0.0|INFORM|FME Configuration: Reader Keyword is `MULTI_READER'
2025-01-06 19:58:29|   0.1|  0.0|INFORM|FME Configuration: Writer Keyword is `PRIMARY_DEST'
2025-01-06 19:58:29|   0.1|  0.0|INFORM|FME Configuration: Writer Group Definition Keyword is `PRIMARY_DEST_DEF'
2025-01-06 19:58:29|   0.1|  0.0|INFORM|FME Configuration: Reader type is `MULTI_READER'
2025-01-06 19:58:29|   0.1|  0.0|INFORM|FME Configuration: Writer type is `MULTI_WRITER'
2025-01-06 19:58:29|   0.1|  0.0|INFORM|FME Configuration: No destination coordinate system set
2025-01-06 19:58:29|   0.1|  0.0|INFORM|FME Configuration: Current working folder is `C:\p5serve_fme_svg\sketches\_2_only_lines'
2025-01-06 19:58:29|   0.1|  0.0|INFORM|FME Configuration: Temporary folder is `C:\Users\Aleks\AppData\Local\Temp\wbrun_1736189831146_4296\fmetmp_3', set from environment variable `FME_TEMP'
2025-01-06 19:58:29|   0.1|  0.0|INFORM|FME Configuration: Cache folder is 'C:\Users\Aleks\AppData\Local\Temp'
2025-01-06 19:58:29|   0.1|  0.0|INFORM|FME Configuration: FME_HOME is `C:\Program Files\FME\'
2025-01-06 19:58:29|   0.1|  0.0|INFORM|FME Configuration: Start freeing memory when the process exceeds 23.67 GB
2025-01-06 19:58:29|   0.1|  0.0|INFORM|FME Configuration: Stop freeing memory when the process is below 17.75 GB
2025-01-06 19:58:29|   0.1|  0.0|INFORM|Creating writer for format: 
2025-01-06 19:58:29|   0.1|  0.0|INFORM|Creating reader for format: 
2025-01-06 19:58:29|   0.2|  0.1|INFORM|MULTI_READER(MULTI_READER): Will fail with first member reader failure
2025-01-06 19:58:29|   0.2|  0.0|INFORM|Using Multi Reader with keyword `MULTI_READER' to read multiple datasets
2025-01-06 19:58:29|   0.2|  0.0|INFORM|Using MultiWriter with keyword `PRIMARY_DEST' to output data (ID_ATTRIBUTE is `multi_writer_id')
2025-01-06 19:58:29|   0.2|  0.0|INFORM|Writer output will be ordered by value of multi_writer_id
2025-01-06 19:58:29|   0.2|  0.0|INFORM|Loaded module 'Geometry_func' from file 'C:\Program Files\FME\plugins/Geometry_func.dll'
2025-01-06 19:58:29|   0.2|  0.0|INFORM|FME API version of module 'Geometry_func' matches current internal version (4.0 20240212)
2025-01-06 19:58:29|   0.2|  0.0|INFORM|Loaded module 'LogCount_func' from file 'C:\Program Files\FME\plugins/LogCount_func.dll'
2025-01-06 19:58:29|   0.2|  0.0|INFORM|FME API version of module 'LogCount_func' matches current internal version (4.0 20240212)
2025-01-06 19:58:29|   0.2|  0.0|INFORM|Loaded module 'PythonFactory' from file 'C:\Program Files\FME\plugins/PythonFactory.dll'
2025-01-06 19:58:29|   0.2|  0.0|INFORM|FME API version of module 'PythonFactory' matches current internal version (4.0 20240212)
2025-01-06 19:58:29|   0.2|  0.0|INFORM|Using Python interpreter from `C:\Program Files\FME\fmepython312\python312.dll' with PYTHONHOME `C:\Program Files\FME\fmepython312'
2025-01-06 19:58:29|   0.2|  0.0|INFORM|Python version 3.12 loaded successfully
2025-01-06 19:58:29|   0.3|  0.1|INFORM|Adding folder `C:\p5serve_fme_svg\sketches\_2_only_lines\' to the python path
2025-01-06 19:58:29|   0.4|  0.1|INFORM|Emptying factory pipeline
2025-01-06 19:58:33|   2.0|  1.6|INFORM|foo
2025-01-06 19:58:33|   2.1|  0.1|INFORM|... Last line repeated 2 times ...
2025-01-06 19:58:33|   2.1|  0.0|STATS |Creator_XML_Creator (CreationFactory): Created 1 features
2025-01-06 19:58:33|   2.1|  0.0|STATS |Creator_Cloner (TeeFactory): Cloned 1 input feature(s) into 1 output feature(s)
2025-01-06 19:58:33|   2.1|  0.0|STATS |Creator_CREATED Brancher -1 17 (BranchingFactory): Branched 1 input feature -- 1 feature routed to the target factory, and 0 features routed to the fallback factory.
2025-01-06 19:58:33|   2.1|  0.0|STATS |_CREATOR_BRANCH_TARGET (TeeFactory): Cloned 1 input feature(s) into 1 output feature(s)
2025-01-06 19:58:33|   2.1|  0.0|INFORM|Optional `process_group' method not present; not called
2025-01-06 19:58:33|   2.1|  0.0|STATS |Destination Feature Type Routing Correlator (RoutingFactory): Tested 0 input feature(s), wrote 0 output feature(s): 0 matched merge filters, 0 were routed to output, 0 could not be routed.
2025-01-06 19:58:33|   2.1|  0.0|STATS |Final Output Nuker (TeeFactory): Cloned 0 input feature(s) into 0 output feature(s)
2025-01-06 19:58:33|   2.1|  0.0|STATS |=-=-=-=-=-=-=-=-=-=-=-=-=-=-=-=-=-=-=-=-=-=-=-=-=-=-=-=-=-=-=-=-=-=-=-=-=-=-=-
2025-01-06 19:58:33|   2.1|  0.0|STATS |                            Features Read Summary
2025-01-06 19:58:33|   2.1|  0.0|STATS |=-=-=-=-=-=-=-=-=-=-=-=-=-=-=-=-=-=-=-=-=-=-=-=-=-=-=-=-=-=-=-=-=-=-=-=-=-=-=-
2025-01-06 19:58:33|   2.1|  0.0|STATS |==============================================================================
2025-01-06 19:58:33|   2.1|  0.0|STATS |Total Features Read                                                          0
2025-01-06 19:58:33|   2.1|  0.0|STATS |=-=-=-=-=-=-=-=-=-=-=-=-=-=-=-=-=-=-=-=-=-=-=-=-=-=-=-=-=-=-=-=-=-=-=-=-=-=-=-
2025-01-06 19:58:33|   2.1|  0.0|STATS |=-=-=-=-=-=-=-=-=-=-=-=-=-=-=-=-=-=-=-=-=-=-=-=-=-=-=-=-=-=-=-=-=-=-=-=-=-=-=-
2025-01-06 19:58:33|   2.1|  0.0|STATS |                           Features Written Summary
2025-01-06 19:58:33|   2.1|  0.0|STATS |=-=-=-=-=-=-=-=-=-=-=-=-=-=-=-=-=-=-=-=-=-=-=-=-=-=-=-=-=-=-=-=-=-=-=-=-=-=-=-
2025-01-06 19:58:33|   2.1|  0.0|STATS |==============================================================================
2025-01-06 19:58:33|   2.1|  0.0|STATS |Total Features Written                                                       0
2025-01-06 19:58:33|   2.1|  0.0|STATS |=-=-=-=-=-=-=-=-=-=-=-=-=-=-=-=-=-=-=-=-=-=-=-=-=-=-=-=-=-=-=-=-=-=-=-=-=-=-=-
2025-01-06 19:58:33|   2.1|  0.0|WARN  |-~-~-~-~-~-~-~-~-~-~-~-~-~-~-~-~-~-~-~-~-~-~-~-~-~-~-~-~-~-~-~-~-~-~-~-~-~-~-~-~-
2025-01-06 19:58:33|   2.1|  0.0|WARN  |-~                                                                             ~-
2025-01-06 19:58:33|   2.1|  0.0|WARN  |-~    Feature caches have been recorded at every stage of the translation.     ~-
2025-01-06 19:58:33|   2.1|  0.0|WARN  |-~                      To inspect the recorded features,                      ~-
2025-01-06 19:58:33|   2.1|  0.0|WARN  |-~              click the feature cache icons next to the ports.               ~-
2025-01-06 19:58:33|   2.2|  0.1|WARN  |-~                                                                             ~-
2025-01-06 19:58:33|   2.2|  0.0|WARN  |-~-~-~-~-~-~-~-~-~-~-~-~-~-~-~-~-~-~-~-~-~-~-~-~-~-~-~-~-~-~-~-~-~-~-~-~-~-~-~-~-
2025-01-06 19:58:33|   2.2|  0.0|INFORM|Translation was SUCCESSFUL with 7 warning(s) (0 feature(s) output)
2025-01-06 19:58:33|   2.2|  0.0|INFORM|FME Session Duration: 5 seconds. (CPU: 1.5s user, 0.7s system)
2025-01-06 19:58:33|   2.2|  0.0|INFORM|END - ProcessID: 9660, peak process memory usage: 337844 kB, current process memory usage: 336484 kB
