2026-03-14 21:13:20|   0.0|  0.0|INFORM|Current FME version: FME 2025.2.2.0 (20260106 - Build 25827 - WIN64)
2026-03-14 21:13:20|   0.0|  0.0|INFORM|System Time: 20260314201321 UTC
2026-03-14 21:13:20|   0.0|  0.0|INFORM|FME_HOME is 'C:\Program Files\FME\'
2026-03-14 21:13:20|   0.0|  0.0|INFORM|FME license: FME Form Fixed (node locked-crc)
2026-03-14 21:13:20|   0.0|  0.0|INFORM|Serial Number: SEC6-2AWB-24J6
2026-03-14 21:13:20|   0.0|  0.0|INFORM|Machine host name is: LAPTOP-CC4CD30S
2026-03-14 21:13:20|   0.0|  0.0|INFORM|OS Locale Name     : en_US
2026-03-14 21:13:20|   0.0|  0.0|INFORM|OS Locale Encoding : windows-1252
2026-03-14 21:13:20|   0.0|  0.0|INFORM|Process Encoding   : UTF-8
2026-03-14 21:13:20|   0.0|  0.0|INFORM|FME API version: '4.0 20250912'
2026-03-14 21:13:20|   0.0|  0.0|INFORM|FME Configuration: FME_BASE is 'no'
2026-03-14 21:13:20|   0.0|  0.0|INFORM|FME Configuration: FME_MF_DIR is 'C:\p5serve_fme_svg\sketches\lines24_circI6/'
2026-03-14 21:13:20|   0.0|  0.0|INFORM|FME Configuration: FME_MF_NAME is 'lines.fmw'
2026-03-14 21:13:20|   0.0|  0.0|INFORM|FME Configuration: FME_PRODUCT_NAME is 'FME(R) 2025.2.2.0'
2026-03-14 21:13:20|   0.0|  0.0|INFORM|Operating System: Microsoft Windows 11 Pro 64-bit (Build 22631)
2026-03-14 21:13:20|   0.0|  0.0|INFORM|FME Platform: WIN64
2026-03-14 21:13:20|   0.0|  0.0|INFORM|System Status: 13.28 GB of disk space available in the FME temporary folder (C:\Users\Aleks\AppData\Local\Temp\wbrun_1773518459784_4960\fmetmp_10)
2026-03-14 21:13:20|   0.0|  0.0|INFORM|System Status: 7.89 GB of physical memory available
2026-03-14 21:13:20|   0.0|  0.0|INFORM|System Status: 31.56 GB of virtual memory available
2026-03-14 21:13:20|   0.0|  0.0|INFORM|START - ProcessID: 35792, peak process memory usage: 64992 kB, current process memory usage: 48652 kB
2026-03-14 21:13:20|   0.0|  0.0|INFORM|FME Configuration: Command line arguments are `C:\Program Files\FME\fme.exe' `C:\p5serve_fme_svg\sketches\lines24_circI6\wb-xlate-1773519199825_4960' `--FME_LAUNCH_VIEWER_APP' `WORKBENCH' `LOG_STANDARDOUT' `YES' `LOG_TIMINGS' `YES' `LogCountServerName' `65332' `LOG_STANDARDOUT' `No' `WORKBENCH_LOG_SERVER' `65327'
2026-03-14 21:13:20|   0.0|  0.0|INFORM|FME Configuration: Connection Storage: 'C:\Users\Aleks\AppData\Roaming\Safe Software\FME\'
2026-03-14 21:13:20|   0.0|  0.0|INFORM|Using Python interpreter from `C:\Program Files\FME\fmepython313\python313.dll' with PYTHONHOME `C:\Program Files\FME\fmepython313'
2026-03-14 21:13:20|   0.0|  0.0|INFORM|Python version 3.13 loaded successfully
2026-03-14 21:13:20|   0.1|  0.1|INFORM|FME_BEGIN_PYTHON: evaluating python script from string...
2026-03-14 21:13:20|   0.1|  0.0|INFORM|['BaseTransformer', 'FMEFeature', 'List', 'Optional', '__builtins__', '__cached__', '__doc__', '__file__', '__loader__', '__name__', '__package__', '__spec__', 'getAbsolutePath', 'licensing', 'locale', 'logFileName', 'macroValues', 'mappingFileId', 'os', 'platform', 're', 'resolveFMEMacros', 'startingTimeStamp', 'systemEncoding']
2026-03-14 21:13:20|   0.1|  0.0|INFORM|FME_BEGIN_PYTHON: python script execution complete.
2026-03-14 21:13:20|   0.1|  0.0|INFORM|Shared folders for formats are : C:\Program Files\FME\datasources;C:\Users\Aleks\Documents\FME\Formats
2026-03-14 21:13:20|   0.1|  0.0|INFORM|Shared folders for transformers are : C:\Users\Aleks\AppData\Roaming\Safe Software\FME\Packages\25827-win64\transformers;C:\Program Files\FME\transformers;C:\Users\Aleks\AppData\Roaming\Safe Software\FME\FME Store\Transformers
2026-03-14 21:13:20|   0.1|  0.0|INFORM|Shared folders for coordinate systems are : C:\Users\Aleks\Documents\FME\CoordinateSystems
2026-03-14 21:13:20|   0.1|  0.0|INFORM|Shared folders for coordinate system exceptions are : C:\Users\Aleks\Documents\FME\CoordinateSystemExceptions
2026-03-14 21:13:20|   0.1|  0.0|INFORM|Shared folders for coordinate system grid overrides are : C:\Users\Aleks\Documents\FME\CoordinateSystemGridOverrides
2026-03-14 21:13:20|   0.1|  0.0|INFORM|Shared folders for CS-MAP transformation exceptions are : C:\Users\Aleks\Documents\FME\CsmapTransformationExceptions
2026-03-14 21:13:20|   0.1|  0.0|INFORM|Shared folders for transformer categories are : C:\Users\Aleks\Documents\FME\TransformerCategories
2026-03-14 21:13:20|   0.2|  0.1|INFORM|FME Configuration: No destination coordinate system set
2026-03-14 21:13:20|   0.2|  0.0|INFORM|FME Configuration: Current working folder is `C:\p5serve_fme_svg\sketches\lines24_circI6'
2026-03-14 21:13:20|   0.2|  0.0|INFORM|FME Configuration: Temporary folder is `C:\Users\Aleks\AppData\Local\Temp\wbrun_1773518459784_4960\fmetmp_10', set from environment variable `FME_TEMP'
2026-03-14 21:13:20|   0.2|  0.0|INFORM|FME Configuration: Cache folder is 'C:\Users\Aleks\AppData\Local\Temp'
2026-03-14 21:13:20|   0.2|  0.0|INFORM|FME Configuration: FME_HOME is `C:\Program Files\FME\'
2026-03-14 21:13:20|   0.2|  0.0|INFORM|FME Configuration: Start freeing memory when the process exceeds 23.67 GB
2026-03-14 21:13:20|   0.2|  0.0|INFORM|FME Configuration: Stop freeing memory when the process is below 17.75 GB
2026-03-14 21:13:20|   0.2|  0.0|INFORM|Creating writer for format: 
2026-03-14 21:13:20|   0.2|  0.0|INFORM|Creating reader for format: 
2026-03-14 21:13:20|   0.2|  0.0|INFORM|MULTI_READER(MULTI_READER): Will fail with first member reader failure
2026-03-14 21:13:20|   0.2|  0.0|INFORM|Using Multi Reader with keyword `MULTI_READER' to read multiple datasets
2026-03-14 21:13:20|   0.2|  0.0|INFORM|Using MultiWriter with keyword `PRIMARY_DEST' to output data (ID_ATTRIBUTE is `multi_writer_id')
2026-03-14 21:13:20|   0.2|  0.0|INFORM|Writer output will be ordered by value of multi_writer_id
2026-03-14 21:13:20|   0.2|  0.0|INFORM|Emptying factory pipeline
2026-03-14 21:13:20|   0.2|  0.0|STATS |Restoring 506 feature(s) from FME feature store file `C:\Users\Aleks\AppData\Local\Temp\wb-cache-lines-GTdXdH\Main_Bufferer -1 8 fo 0 BUFFERED  0  ca9157a262776d3c363ffee0c255542072fd9b2e.ffs'
2026-03-14 21:13:20|   0.2|  0.0|STATS |Restoring 506 feature(s) from FME feature store file `C:\Users\Aleks\AppData\Local\Temp\wb-cache-lines-GTdXdH\Main_GeometryFilter -1 12 fo 1 Curve  0  712c53d465ad3f77ab2fc8507c9b87904ad7e573.ffs'
2026-03-14 21:13:21|   0.2|  0.0|INFORM|Creating writer for format: SVG (Scalable Vector Graphics)
2026-03-14 21:13:21|   0.2|  0.0|INFORM|Trying to find a DYNAMIC plugin for writer named `SVG'
2026-03-14 21:13:21|   0.3|  0.1|INFORM|FME Configuration: No destination coordinate system set
2026-03-14 21:13:21|   0.3|  0.0|INFORM|Writer `SVG_1' of type `SVG' using group definition keyword `SVG_1_DEF'
2026-03-14 21:13:21|   0.4|  0.1|STATS |Destination Feature Type Routing Correlator (RoutingFactory): Tested 1012 input feature(s), wrote 1012 output feature(s): 0 matched merge filters, 1012 were routed to output, 0 could not be routed.
2026-03-14 21:13:21|   0.4|  0.0|STATS |Final Output Nuker (TeeFactory): Cloned 0 input feature(s) into 0 output feature(s)
2026-03-14 21:13:21|   0.4|  0.0|INFORM|Loading user defined SVG template `C:\Program Files\FME\svg\defaultTemplate.svg'
2026-03-14 21:13:21|   0.4|  0.0|INFORM|All DTD information in the SVG template document is overridden
2026-03-14 21:13:21|   0.4|  0.0|INFORM|=-=-=-=-=-=-=-=-=-=-=-=-=-=-=-=-=-=-=-=-=-=-=-=-=-=-=-=-=-=-=-=-=-=-=-=-=-=-=-
2026-03-14 21:13:21|   0.4|  0.0|INFORM|Feature output statistics for `SVG' writer using keyword `SVG_1':
2026-03-14 21:13:21|   0.4|  0.0|STATS |=-=-=-=-=-=-=-=-=-=-=-=-=-=-=-=-=-=-=-=-=-=-=-=-=-=-=-=-=-=-=-=-=-=-=-=-=-=-=-
2026-03-14 21:13:21|   0.4|  0.0|STATS |                           Features Written Summary
2026-03-14 21:13:21|   0.4|  0.0|STATS |=-=-=-=-=-=-=-=-=-=-=-=-=-=-=-=-=-=-=-=-=-=-=-=-=-=-=-=-=-=-=-=-=-=-=-=-=-=-=-
2026-03-14 21:13:21|   0.4|  0.0|STATS |test                                                                      1012
2026-03-14 21:13:21|   0.4|  0.0|STATS |==============================================================================
2026-03-14 21:13:21|   0.4|  0.0|STATS |Total Features Written                                                    1012
2026-03-14 21:13:21|   0.4|  0.0|STATS |=-=-=-=-=-=-=-=-=-=-=-=-=-=-=-=-=-=-=-=-=-=-=-=-=-=-=-=-=-=-=-=-=-=-=-=-=-=-=-
2026-03-14 21:13:21|   0.4|  0.0|STATS |=-=-=-=-=-=-=-=-=-=-=-=-=-=-=-=-=-=-=-=-=-=-=-=-=-=-=-=-=-=-=-=-=-=-=-=-=-=-=-
2026-03-14 21:13:21|   0.4|  0.0|STATS |                            Features Read Summary
2026-03-14 21:13:21|   0.4|  0.0|STATS |=-=-=-=-=-=-=-=-=-=-=-=-=-=-=-=-=-=-=-=-=-=-=-=-=-=-=-=-=-=-=-=-=-=-=-=-=-=-=-
2026-03-14 21:13:21|   0.4|  0.0|STATS |==============================================================================
2026-03-14 21:13:21|   0.4|  0.0|STATS |Total Features Read                                                          0
2026-03-14 21:13:21|   0.4|  0.0|STATS |=-=-=-=-=-=-=-=-=-=-=-=-=-=-=-=-=-=-=-=-=-=-=-=-=-=-=-=-=-=-=-=-=-=-=-=-=-=-=-
2026-03-14 21:13:21|   0.4|  0.0|STATS |=-=-=-=-=-=-=-=-=-=-=-=-=-=-=-=-=-=-=-=-=-=-=-=-=-=-=-=-=-=-=-=-=-=-=-=-=-=-=-
2026-03-14 21:13:21|   0.4|  0.0|STATS |                           Features Written Summary
2026-03-14 21:13:21|   0.4|  0.0|STATS |=-=-=-=-=-=-=-=-=-=-=-=-=-=-=-=-=-=-=-=-=-=-=-=-=-=-=-=-=-=-=-=-=-=-=-=-=-=-=-
2026-03-14 21:13:21|   0.4|  0.0|STATS |test                                                                      1012
2026-03-14 21:13:21|   0.4|  0.0|STATS |==============================================================================
2026-03-14 21:13:21|   0.4|  0.0|STATS |Total Features Written                                                    1012
2026-03-14 21:13:21|   0.4|  0.0|STATS |=-=-=-=-=-=-=-=-=-=-=-=-=-=-=-=-=-=-=-=-=-=-=-=-=-=-=-=-=-=-=-=-=-=-=-=-=-=-=-
2026-03-14 21:13:21|   0.4|  0.0|WARN  |-~-~-~-~-~-~-~-~-~-~-~-~-~-~-~-~-~-~-~-~-~-~-~-~-~-~-~-~-~-~-~-~-~-~-~-~-~-~-~-~-
2026-03-14 21:13:21|   0.4|  0.0|WARN  |-~                                                                             ~-
2026-03-14 21:13:21|   0.4|  0.0|WARN  |-~      Data caches have been recorded at every stage of the translation.      ~-
2026-03-14 21:13:21|   0.4|  0.0|WARN  |-~                      To inspect the recorded features,                      ~-
2026-03-14 21:13:21|   0.4|  0.0|WARN  |-~                click the data cache icons next to the ports.                ~-
2026-03-14 21:13:21|   0.4|  0.0|WARN  |-~                                                                             ~-
2026-03-14 21:13:21|   0.4|  0.0|WARN  |-~-~-~-~-~-~-~-~-~-~-~-~-~-~-~-~-~-~-~-~-~-~-~-~-~-~-~-~-~-~-~-~-~-~-~-~-~-~-~-~-
2026-03-14 21:13:21|   0.4|  0.0|INFORM|Translation was SUCCESSFUL with 7 warning(s) (1012 feature(s) output)
2026-03-14 21:13:21|   0.5|  0.1|INFORM|FME Session Duration: 0.7 seconds. (CPU: 0.3s user, 0.2s system)
2026-03-14 21:13:21|   0.5|  0.0|INFORM|END - ProcessID: 35792, peak process memory usage: 70232 kB, current process memory usage: 70232 kB
