2025-09-26 22:32:10|   0.0|  0.0|INFORM|Current FME version: FME 2024.1.3.0 (20240927 - Build 24627 - WIN64)
2025-09-26 22:32:10|   0.0|  0.0|INFORM|System Time: 20250926203211 UTC
2025-09-26 22:32:10|   0.0|  0.0|INFORM|FME_HOME is 'C:\Program Files\FME\'
2025-09-26 22:32:10|   0.0|  0.0|INFORM|FME Form Fixed (node locked-crc)
2025-09-26 22:32:10|   0.0|  0.0|INFORM|Serial Number: SEC6-2AWB-24J6
2025-09-26 22:32:10|   0.0|  0.0|INFORM|Temporary License: 127 days left.
2025-09-26 22:32:10|   0.0|  0.0|INFORM|Machine host name is: LAPTOP-CC4CD30S
2025-09-26 22:32:10|   0.0|  0.0|INFORM|OS Locale Name     : en_US
2025-09-26 22:32:10|   0.0|  0.0|INFORM|OS Locale Encoding : windows-1252
2025-09-26 22:32:10|   0.0|  0.0|INFORM|Process Encoding   : UTF-8
2025-09-26 22:32:10|   0.0|  0.0|INFORM|FME API version: '4.0 20240212'
2025-09-26 22:32:10|   0.0|  0.0|INFORM|FME Configuration: FME_BASE is 'no'
2025-09-26 22:32:10|   0.0|  0.0|INFORM|FME Configuration: FME_MF_DIR is 'C:\p5serve_fme_svg\sketches\lines13_bored_truchet-python/'
2025-09-26 22:32:10|   0.0|  0.0|INFORM|FME Configuration: FME_MF_NAME is 'lines.fmw'
2025-09-26 22:32:10|   0.0|  0.0|INFORM|FME Configuration: FME_PRODUCT_NAME is 'FME(R) 2024.1.3.0'
2025-09-26 22:32:10|   0.0|  0.0|INFORM|Operating System: Microsoft Windows 11 64-bit  (Build 22631)
2025-09-26 22:32:10|   0.0|  0.0|INFORM|FME Platform: WIN64
2025-09-26 22:32:10|   0.0|  0.0|INFORM|System Status: 13.51 GB of disk space available in the FME temporary folder (C:\Users\Aleks\AppData\Local\Temp\wbrun_1758918512667_6672\fmetmp_1)
2025-09-26 22:32:10|   0.0|  0.0|INFORM|System Status: 7.89 GB of physical memory available
2025-09-26 22:32:10|   0.0|  0.0|INFORM|System Status: 31.56 GB of virtual memory available
2025-09-26 22:32:10|   0.0|  0.0|INFORM|START - ProcessID: 8340, peak process memory usage: 41920 kB, current process memory usage: 41136 kB
2025-09-26 22:32:10|   0.0|  0.0|INFORM|FME Configuration: Command line arguments are `C:\Program Files\FME\fme.exe' `C:\p5serve_fme_svg\sketches\lines13_bored_truchet-python\wb-xlate-1758918716928_6672' `LOG_STANDARDOUT' `YES' `LOG_TIMINGS' `YES' `LogCountServerName' `49549' `LOG_STANDARDOUT' `No' `WORKBENCH_LOG_SERVER' `49542'
2025-09-26 22:32:10|   0.0|  0.0|INFORM|FME Configuration: Connection Storage: 'C:\Users\Aleks\AppData\Roaming\Safe Software\FME\'
2025-09-26 22:32:11|   0.0|  0.0|INFORM|Using Python interpreter from `C:\Program Files\FME\fmepython312\python312.dll' with PYTHONHOME `C:\Program Files\FME\fmepython312'
2025-09-26 22:32:11|   0.0|  0.0|INFORM|Python version 3.12 loaded successfully
2025-09-26 22:32:12|   0.0|  0.0|INFORM|Adding folder `C:\p5serve_fme_svg\sketches\lines13_bored_truchet-python\' to the python path
2025-09-26 22:32:27|   0.0|  0.0|INFORM|FME_BEGIN_PYTHON: evaluating python script from string...
2025-09-26 22:32:27|   0.0|  0.0|INFORM|['__builtins__', '__cached__', '__doc__', '__file__', '__loader__', '__name__', '__package__', '__spec__', 'getAbsolutePath', 'licensing', 'locale', 'logFileName', 'macroValues', 'mappingFileId', 'os', 'platform', 're', 'resolveFMEMacros', 'startingTimeStamp', 'systemEncoding']
2025-09-26 22:32:27|   0.0|  0.0|INFORM|FME_BEGIN_PYTHON: python script execution complete.
2025-09-26 22:32:27|   0.1|  0.1|INFORM|Shared folders for formats are : C:\Program Files\FME\datasources;C:\Users\Aleks\Documents\FME\Formats
2025-09-26 22:32:27|   0.1|  0.0|INFORM|Shared folders for transformers are : C:\Users\Aleks\AppData\Roaming\Safe Software\FME\Packages\24627-win64\transformers;C:\Program Files\FME\transformers;C:\Users\Aleks\AppData\Roaming\Safe Software\FME\FME Store\Transformers
2025-09-26 22:32:27|   0.1|  0.0|INFORM|Shared folders for coordinate systems are : C:\Users\Aleks\Documents\FME\CoordinateSystems
2025-09-26 22:32:27|   0.1|  0.0|INFORM|Shared folders for coordinate system exceptions are : C:\Users\Aleks\Documents\FME\CoordinateSystemExceptions
2025-09-26 22:32:27|   0.1|  0.0|INFORM|Shared folders for coordinate system grid overrides are : C:\Users\Aleks\Documents\FME\CoordinateSystemGridOverrides
2025-09-26 22:32:27|   0.1|  0.0|INFORM|Shared folders for CS-MAP transformation exceptions are : C:\Users\Aleks\Documents\FME\CsmapTransformationExceptions
2025-09-26 22:32:27|   0.1|  0.0|INFORM|Shared folders for transformer categories are : C:\Users\Aleks\Documents\FME\TransformerCategories
2025-09-26 22:32:27|   0.1|  0.0|INFORM|FME Configuration: Reader Keyword is `MULTI_READER'
2025-09-26 22:32:27|   0.1|  0.0|INFORM|FME Configuration: Writer Keyword is `PRIMARY_DEST'
2025-09-26 22:32:27|   0.1|  0.0|INFORM|FME Configuration: Writer Group Definition Keyword is `PRIMARY_DEST_DEF'
2025-09-26 22:32:27|   0.1|  0.0|INFORM|FME Configuration: Reader type is `MULTI_READER'
2025-09-26 22:32:27|   0.1|  0.0|INFORM|FME Configuration: Writer type is `MULTI_WRITER'
2025-09-26 22:32:27|   0.1|  0.0|INFORM|FME Configuration: No destination coordinate system set
2025-09-26 22:32:27|   0.1|  0.0|INFORM|FME Configuration: Current working folder is `C:\p5serve_fme_svg\sketches\lines13_bored_truchet-python'
2025-09-26 22:32:27|   0.1|  0.0|INFORM|FME Configuration: Temporary folder is `C:\Users\Aleks\AppData\Local\Temp\wbrun_1758918512667_6672\fmetmp_1', set from environment variable `FME_TEMP'
2025-09-26 22:32:27|   0.1|  0.0|INFORM|FME Configuration: Cache folder is 'C:\Users\Aleks\AppData\Local\Temp'
2025-09-26 22:32:27|   0.1|  0.0|INFORM|FME Configuration: FME_HOME is `C:\Program Files\FME\'
2025-09-26 22:32:27|   0.1|  0.0|INFORM|FME Configuration: Start freeing memory when the process exceeds 23.67 GB
2025-09-26 22:32:27|   0.1|  0.0|INFORM|FME Configuration: Stop freeing memory when the process is below 17.75 GB
2025-09-26 22:32:27|   0.1|  0.0|INFORM|Creating writer for format: 
2025-09-26 22:32:27|   0.1|  0.0|INFORM|Creating reader for format: 
2025-09-26 22:32:27|   0.1|  0.0|INFORM|MULTI_READER(MULTI_READER): Will fail with first member reader failure
2025-09-26 22:32:27|   0.1|  0.0|INFORM|Using Multi Reader with keyword `MULTI_READER' to read multiple datasets
2025-09-26 22:32:27|   0.1|  0.0|INFORM|Using MultiWriter with keyword `PRIMARY_DEST' to output data (ID_ATTRIBUTE is `multi_writer_id')
2025-09-26 22:32:27|   0.2|  0.1|INFORM|Writer output will be ordered by value of multi_writer_id
2025-09-26 22:32:27|   0.2|  0.0|INFORM|Loaded module 'LogCount_func' from file 'C:\Program Files\FME\plugins/LogCount_func.dll'
2025-09-26 22:32:27|   0.2|  0.0|INFORM|FME API version of module 'LogCount_func' matches current internal version (4.0 20240212)
2025-09-26 22:32:27|   0.2|  0.0|INFORM|Loaded module 'PythonFactory' from file 'C:\Program Files\FME\plugins/PythonFactory.dll'
2025-09-26 22:32:27|   0.2|  0.0|INFORM|FME API version of module 'PythonFactory' matches current internal version (4.0 20240212)
2025-09-26 22:32:27|   0.2|  0.0|INFORM|Emptying factory pipeline
2025-09-26 22:32:27|   0.2|  0.0|STATS |Restoring 1 feature(s) from FME feature store file `C:\Users\Aleks\AppData\Local\Temp\wb-cache-lines-OrQvTY\Main_Creator -1 3 fo 0 CREATED  0  eda0ef932d89165b9cc3bbd333c30af99dbe5e4d.ffs'
2025-09-26 22:32:32|   0.2|  0.0|INFORM|Optional `process_group' method not present; not called
2025-09-26 22:32:32|   0.2|  0.0|INFORM|polygon
2025-09-26 22:32:43|   0.4|  0.2|INFORM|triangle
2025-09-26 22:32:43|   0.4|  0.0|INFORM|... Last line repeated 3 times ...
2025-09-26 22:32:43|   0.4|  0.0|INFORM|polygon
2025-09-26 22:32:43|   0.4|  0.0|INFORM|triangle
2025-09-26 22:32:44|   0.4|  0.0|INFORM|triangle
2025-09-26 22:32:44|   0.4|  0.0|INFORM|polygon
2025-09-26 22:32:44|   0.4|  0.0|INFORM|triangle
2025-09-26 22:32:44|   0.4|  0.0|INFORM|... Last line repeated 2 times ...
2025-09-26 22:32:44|   0.4|  0.0|INFORM|polygon
2025-09-26 22:32:44|   0.4|  0.0|INFORM|triangle
2025-09-26 22:32:44|   0.4|  0.0|INFORM|... Last line repeated 8 times ...
2025-09-26 22:32:44|   0.4|  0.0|INFORM|polygon
2025-09-26 22:32:44|   0.5|  0.1|INFORM|polygon
2025-09-26 22:32:44|   0.5|  0.0|INFORM|triangle
2025-09-26 22:32:44|   0.5|  0.0|INFORM|triangle
2025-09-26 22:32:44|   0.5|  0.0|INFORM|polygon
2025-09-26 22:32:44|   0.5|  0.0|INFORM|... Last line repeated 4 times ...
2025-09-26 22:32:44|   0.5|  0.0|INFORM|triangle
2025-09-26 22:32:44|   0.5|  0.0|INFORM|triangle
2025-09-26 22:32:44|   0.5|  0.0|INFORM|polygon
2025-09-26 22:32:44|   0.5|  0.0|INFORM|polygon
2025-09-26 22:32:44|   0.5|  0.0|INFORM|triangle
2025-09-26 22:32:44|   0.5|  0.0|INFORM|triangle
2025-09-26 22:32:44|   0.5|  0.0|INFORM|polygon
2025-09-26 22:32:44|   0.5|  0.0|INFORM|polygon
2025-09-26 22:32:44|   0.5|  0.0|INFORM|triangle
2025-09-26 22:32:44|   0.5|  0.0|INFORM|triangle
2025-09-26 22:32:44|   0.5|  0.0|INFORM|polygon
2025-09-26 22:32:44|   0.5|  0.0|INFORM|triangle
2025-09-26 22:32:44|   0.5|  0.0|INFORM|polygon
2025-09-26 22:32:44|   0.5|  0.0|INFORM|triangle
2025-09-26 22:32:44|   0.5|  0.0|INFORM|... Last line repeated 3 times ...
2025-09-26 22:32:44|   0.5|  0.0|INFORM|polygon
2025-09-26 22:32:44|   0.5|  0.0|INFORM|polygon
2025-09-26 22:32:44|   0.5|  0.0|INFORM|triangle
2025-09-26 22:32:44|   0.5|  0.0|INFORM|... Last line repeated 4 times ...
2025-09-26 22:32:44|   0.5|  0.0|INFORM|polygon
2025-09-26 22:32:44|   0.5|  0.0|INFORM|polygon
2025-09-26 22:32:44|   0.5|  0.0|INFORM|triangle
2025-09-26 22:32:44|   0.5|  0.0|INFORM|polygon
2025-09-26 22:32:44|   0.5|  0.0|INFORM|triangle
2025-09-26 22:32:44|   0.5|  0.0|INFORM|polygon
2025-09-26 22:32:44|   0.6|  0.1|INFORM|triangle
2025-09-26 22:32:44|   0.6|  0.0|INFORM|... Last line repeated 2 times ...
2025-09-26 22:32:44|   0.6|  0.0|STATS |Destination Feature Type Routing Correlator (RoutingFactory): Tested 64 input feature(s), wrote 64 output feature(s): 0 matched merge filters, 0 were routed to output, 64 could not be routed.
2025-09-26 22:32:44|   0.6|  0.0|STATS |Final Output Nuker (TeeFactory): Cloned 64 input feature(s) into 0 output feature(s)
2025-09-26 22:32:44|   0.6|  0.0|WARN  |=-=-=-=-=-=-=-=-=-=-=-=-=-=-=-=-=-=-=-=-=-=-=-=-=-=-=-=-=-=-=-=-=-=-=-=-=-=-=-
2025-09-26 22:32:44|   0.6|  0.0|WARN  |      Features not written - verify feature type fanout/dynamic settings
2025-09-26 22:32:44|   0.6|  0.0|WARN  |=-=-=-=-=-=-=-=-=-=-=-=-=-=-=-=-=-=-=-=-=-=-=-=-=-=-=-=-=-=-=-=-=-=-=-=-=-=-=-
2025-09-26 22:32:44|   0.6|  0.0|WARN  |  (Check that fanout/dynamic feature type attribute exists and has a value)
2025-09-26 22:32:44|   0.7|  0.1|WARN  |=-=-=-=-=-=-=-=-=-=-=-=-=-=-=-=-=-=-=-=-=-=-=-=-=-=-=-=-=-=-=-=-=-=-=-=-=-=-=-
2025-09-26 22:32:44|   0.7|  0.0|WARN  |                                                                            64
2025-09-26 22:32:44|   0.7|  0.0|WARN  |==============================================================================
2025-09-26 22:32:44|   0.7|  0.0|WARN  |Total features not written                                                  64
2025-09-26 22:32:44|   0.7|  0.0|WARN  |=-=-=-=-=-=-=-=-=-=-=-=-=-=-=-=-=-=-=-=-=-=-=-=-=-=-=-=-=-=-=-=-=-=-=-=-=-=-=-
2025-09-26 22:32:44|   0.7|  0.0|STATS |=-=-=-=-=-=-=-=-=-=-=-=-=-=-=-=-=-=-=-=-=-=-=-=-=-=-=-=-=-=-=-=-=-=-=-=-=-=-=-
2025-09-26 22:32:44|   0.7|  0.0|STATS |                            Features Read Summary
2025-09-26 22:32:44|   0.7|  0.0|STATS |=-=-=-=-=-=-=-=-=-=-=-=-=-=-=-=-=-=-=-=-=-=-=-=-=-=-=-=-=-=-=-=-=-=-=-=-=-=-=-
2025-09-26 22:32:44|   0.7|  0.0|STATS |==============================================================================
2025-09-26 22:32:44|   0.7|  0.0|STATS |Total Features Read                                                          0
2025-09-26 22:32:44|   0.7|  0.0|STATS |=-=-=-=-=-=-=-=-=-=-=-=-=-=-=-=-=-=-=-=-=-=-=-=-=-=-=-=-=-=-=-=-=-=-=-=-=-=-=-
2025-09-26 22:32:44|   0.7|  0.0|STATS |=-=-=-=-=-=-=-=-=-=-=-=-=-=-=-=-=-=-=-=-=-=-=-=-=-=-=-=-=-=-=-=-=-=-=-=-=-=-=-
2025-09-26 22:32:44|   0.7|  0.0|STATS |                           Features Written Summary
2025-09-26 22:32:44|   0.7|  0.0|STATS |=-=-=-=-=-=-=-=-=-=-=-=-=-=-=-=-=-=-=-=-=-=-=-=-=-=-=-=-=-=-=-=-=-=-=-=-=-=-=-
2025-09-26 22:32:44|   0.7|  0.0|STATS |==============================================================================
2025-09-26 22:32:44|   0.7|  0.0|STATS |Total Features Written                                                       0
2025-09-26 22:32:44|   0.7|  0.0|STATS |=-=-=-=-=-=-=-=-=-=-=-=-=-=-=-=-=-=-=-=-=-=-=-=-=-=-=-=-=-=-=-=-=-=-=-=-=-=-=-
2025-09-26 22:32:44|   0.7|  0.0|WARN  |-~-~-~-~-~-~-~-~-~-~-~-~-~-~-~-~-~-~-~-~-~-~-~-~-~-~-~-~-~-~-~-~-~-~-~-~-~-~-~-~-
2025-09-26 22:32:44|   0.7|  0.0|WARN  |-~                                                                             ~-
2025-09-26 22:32:44|   0.7|  0.0|WARN  |-~    Feature caches have been recorded at every stage of the translation.     ~-
2025-09-26 22:32:44|   0.7|  0.0|WARN  |-~                      To inspect the recorded features,                      ~-
2025-09-26 22:32:44|   0.7|  0.0|WARN  |-~              click the feature cache icons next to the ports.               ~-
2025-09-26 22:32:44|   0.7|  0.0|WARN  |-~                                                                             ~-
2025-09-26 22:32:44|   0.7|  0.0|WARN  |-~-~-~-~-~-~-~-~-~-~-~-~-~-~-~-~-~-~-~-~-~-~-~-~-~-~-~-~-~-~-~-~-~-~-~-~-~-~-~-~-
2025-09-26 22:32:44|   0.7|  0.0|INFORM|Translation was SUCCESSFUL with 16 warning(s) (0 feature(s) output)
2025-09-26 22:32:44|   0.7|  0.0|INFORM|FME Session Duration: 33.8 seconds. (CPU: 0.2s user, 0.5s system)
2025-09-26 22:32:44|   0.7|  0.0|INFORM|END - ProcessID: 8340, peak process memory usage: 311864 kB, current process memory usage: 305716 kB
