2024-12-09 21:34:38|   0.0|  0.0|INFORM|Current FME version: FME 2024.1.3.0 (20240927 - Build 24627 - WIN64)
2024-12-09 21:34:38|   0.0|  0.0|INFORM|System Time: 20241209203438 UTC
2024-12-09 21:34:38|   0.0|  0.0|INFORM|FME_HOME is 'C:\Program Files\FME\'
2024-12-09 21:34:38|   0.0|  0.0|INFORM|FME Form Fixed (node locked-crc)
2024-12-09 21:34:38|   0.0|  0.0|INFORM|Serial Number: SEC6-2AWB-24J6
2024-12-09 21:34:38|   0.0|  0.0|INFORM|Temporary License: 53 days left.
2024-12-09 21:34:38|   0.0|  0.0|INFORM|Machine host name is: LAPTOP-CC4CD30S
2024-12-09 21:34:38|   0.0|  0.0|INFORM|OS Locale Name     : en_US
2024-12-09 21:34:38|   0.0|  0.0|INFORM|OS Locale Encoding : windows-1252
2024-12-09 21:34:38|   0.0|  0.0|INFORM|Process Encoding   : UTF-8
2024-12-09 21:34:38|   0.0|  0.0|INFORM|FME API version: '4.0 20240212'
2024-12-09 21:34:38|   0.0|  0.0|INFORM|FME Configuration: FME_BASE is 'no'
2024-12-09 21:34:38|   0.0|  0.0|INFORM|FME Configuration: FME_MF_DIR is 'C:\p5serve_fme_svg\_1_only_linees/'
2024-12-09 21:34:38|   0.0|  0.0|INFORM|FME Configuration: FME_MF_NAME is 'lines.fmw'
2024-12-09 21:34:38|   0.0|  0.0|INFORM|FME Configuration: FME_PRODUCT_NAME is 'FME(R) 2024.1.3.0'
2024-12-09 21:34:38|   0.0|  0.0|INFORM|Operating System: Microsoft Windows 11 64-bit  (Build 22631)
2024-12-09 21:34:38|   0.0|  0.0|INFORM|FME Platform: WIN64
2024-12-09 21:34:38|   0.0|  0.0|INFORM|System Status: 24.24 GB of disk space available in the FME temporary folder (C:\Users\Aleks\AppData\Local\Temp\wbrun_1733775881296_14284\fmetmp_4)
2024-12-09 21:34:38|   0.0|  0.0|INFORM|System Status: 7.89 GB of physical memory available
2024-12-09 21:34:38|   0.0|  0.0|INFORM|System Status: 31.56 GB of virtual memory available
2024-12-09 21:34:38|   0.0|  0.0|INFORM|START - ProcessID: 18160, peak process memory usage: 41012 kB, current process memory usage: 41012 kB
2024-12-09 21:34:38|   0.0|  0.0|INFORM|FME Configuration: Command line arguments are `C:\Program Files\FME\fme.exe' `C:\p5serve_fme_svg\_1_only_linees\wb-xlate-1733776474338_14284' `LOG_STANDARDOUT' `YES' `LOG_TIMINGS' `YES' `LogCountServerName' `50635' `LOG_STANDARDOUT' `No' `WORKBENCH_LOG_SERVER' `50388'
2024-12-09 21:34:38|   0.0|  0.0|INFORM|FME Configuration: Connection Storage: 'C:\Users\Aleks\AppData\Roaming\Safe Software\FME\'
2024-12-09 21:34:38|   0.0|  0.0|INFORM|Shared folders for formats are : C:\Program Files\FME\datasources;C:\Users\Aleks\Documents\FME\Formats
2024-12-09 21:34:38|   0.0|  0.0|INFORM|Shared folders for transformers are : C:\Users\Aleks\AppData\Roaming\Safe Software\FME\Packages\24627-win64\transformers;C:\Program Files\FME\transformers;C:\Users\Aleks\AppData\Roaming\Safe Software\FME\FME Store\Transformers
2024-12-09 21:34:38|   0.0|  0.0|INFORM|Shared folders for coordinate systems are : C:\Users\Aleks\Documents\FME\CoordinateSystems
2024-12-09 21:34:38|   0.0|  0.0|INFORM|Shared folders for coordinate system exceptions are : C:\Users\Aleks\Documents\FME\CoordinateSystemExceptions
2024-12-09 21:34:38|   0.0|  0.0|INFORM|Shared folders for coordinate system grid overrides are : C:\Users\Aleks\Documents\FME\CoordinateSystemGridOverrides
2024-12-09 21:34:38|   0.0|  0.0|INFORM|Shared folders for CS-MAP transformation exceptions are : C:\Users\Aleks\Documents\FME\CsmapTransformationExceptions
2024-12-09 21:34:38|   0.0|  0.0|INFORM|Shared folders for transformer categories are : C:\Users\Aleks\Documents\FME\TransformerCategories
2024-12-09 21:34:38|   0.0|  0.0|INFORM|FME Configuration: Reader Keyword is `MULTI_READER'
2024-12-09 21:34:38|   0.0|  0.0|INFORM|FME Configuration: Writer Keyword is `PRIMARY_DEST'
2024-12-09 21:34:38|   0.0|  0.0|INFORM|FME Configuration: Writer Group Definition Keyword is `PRIMARY_DEST_DEF'
2024-12-09 21:34:38|   0.0|  0.0|INFORM|FME Configuration: Reader type is `MULTI_READER'
2024-12-09 21:34:38|   0.0|  0.0|INFORM|FME Configuration: Writer type is `MULTI_WRITER'
2024-12-09 21:34:38|   0.0|  0.0|INFORM|FME Configuration: No destination coordinate system set
2024-12-09 21:34:38|   0.0|  0.0|INFORM|FME Configuration: Current working folder is `C:\p5serve_fme_svg\_1_only_linees'
2024-12-09 21:34:38|   0.0|  0.0|INFORM|FME Configuration: Temporary folder is `C:\Users\Aleks\AppData\Local\Temp\wbrun_1733775881296_14284\fmetmp_4', set from environment variable `FME_TEMP'
2024-12-09 21:34:38|   0.0|  0.0|INFORM|FME Configuration: Cache folder is 'C:\Users\Aleks\AppData\Local\Temp'
2024-12-09 21:34:38|   0.0|  0.0|INFORM|FME Configuration: FME_HOME is `C:\Program Files\FME\'
2024-12-09 21:34:38|   0.0|  0.0|INFORM|FME Configuration: Start freeing memory when the process exceeds 23.67 GB
2024-12-09 21:34:38|   0.0|  0.0|INFORM|FME Configuration: Stop freeing memory when the process is below 17.75 GB
2024-12-09 21:34:38|   0.1|  0.1|INFORM|Creating writer for format: 
2024-12-09 21:34:38|   0.1|  0.0|INFORM|Creating reader for format: 
2024-12-09 21:34:38|   0.1|  0.0|INFORM|MULTI_READER(MULTI_READER): Will fail with first member reader failure
2024-12-09 21:34:38|   0.1|  0.0|INFORM|Using Multi Reader with keyword `MULTI_READER' to read multiple datasets
2024-12-09 21:34:38|   0.1|  0.0|INFORM|Using MultiWriter with keyword `PRIMARY_DEST' to output data (ID_ATTRIBUTE is `multi_writer_id')
2024-12-09 21:34:38|   0.1|  0.0|INFORM|Writer output will be ordered by value of multi_writer_id
2024-12-09 21:34:38|   0.1|  0.0|INFORM|Loaded module 'LogCount_func' from file 'C:\Program Files\FME\plugins/LogCount_func.dll'
2024-12-09 21:34:38|   0.1|  0.0|INFORM|FME API version of module 'LogCount_func' matches current internal version (4.0 20240212)
2024-12-09 21:34:38|   0.1|  0.0|INFORM|Emptying factory pipeline
2024-12-09 21:34:38|   0.1|  0.0|STATS |Restoring 119329 feature(s) from FME feature store file `C:\Users\Aleks\AppData\Local\Temp\wb-cache-lines-qeeMpp\Main_PythonCaller_2 -1 10 fo 0 OUTPUT  0  5bab174e3de110109db7841856a737239457cef8.ffs'
2024-12-09 21:34:38|   0.1|  0.0|STATS |Restoring 708 feature(s) from FME feature store file `C:\Users\Aleks\AppData\Local\Temp\wb-cache-lines-qeeMpp\Main_PythonCaller_3 -1 11 fo 0 OUTPUT  0  5e8b70c402891c83220164690cd186a34ca9abc6.ffs'
2024-12-09 21:34:39|   0.1|  0.0|INFORM|Creating writer for format: SVG (Scalable Vector Graphics)
2024-12-09 21:34:39|   0.1|  0.0|INFORM|Trying to find a DYNAMIC plugin for writer named `SVG'
2024-12-09 21:34:39|   0.1|  0.0|INFORM|Loaded module 'SVG' from file 'C:\Program Files\FME\plugins/SVG.dll'
2024-12-09 21:34:39|   0.1|  0.0|INFORM|FME API version of module 'SVG' matches current internal version (4.0 20240212)
2024-12-09 21:34:39|   0.1|  0.0|INFORM|FME Configuration: No destination coordinate system set
2024-12-09 21:34:39|   0.1|  0.0|INFORM|Writer `SVG_1' of type `SVG' using group definition keyword `SVG_1_DEF'
2024-12-09 21:34:42|   1.3|  1.2|STATS |Destination Feature Type Routing Correlator (RoutingFactory): Tested 120037 input feature(s), wrote 120037 output feature(s): 0 matched merge filters, 120037 were routed to output, 0 could not be routed.
2024-12-09 21:34:42|   1.3|  0.0|STATS |Final Output Nuker (TeeFactory): Cloned 0 input feature(s) into 0 output feature(s)
2024-12-09 21:34:42|   1.3|  0.0|INFORM|Loading user defined SVG template `C:\Program Files\FME\svg\defaultTemplate.svg'
2024-12-09 21:34:51|   9.3|  8.0|INFORM|All DTD information in the SVG template document is overridden
2024-12-09 21:34:52|   9.3|  0.0|INFORM|=-=-=-=-=-=-=-=-=-=-=-=-=-=-=-=-=-=-=-=-=-=-=-=-=-=-=-=-=-=-=-=-=-=-=-=-=-=-=-
2024-12-09 21:34:52|   9.3|  0.0|INFORM|Feature output statistics for `SVG' writer using keyword `SVG_1':
2024-12-09 21:34:52|   9.3|  0.0|STATS |=-=-=-=-=-=-=-=-=-=-=-=-=-=-=-=-=-=-=-=-=-=-=-=-=-=-=-=-=-=-=-=-=-=-=-=-=-=-=-
2024-12-09 21:34:52|   9.3|  0.0|STATS |                               Features Written
2024-12-09 21:34:52|   9.3|  0.0|STATS |=-=-=-=-=-=-=-=-=-=-=-=-=-=-=-=-=-=-=-=-=-=-=-=-=-=-=-=-=-=-=-=-=-=-=-=-=-=-=-
2024-12-09 21:34:52|   9.3|  0.0|STATS |test                                                                    120037
2024-12-09 21:34:52|   9.3|  0.0|STATS |==============================================================================
2024-12-09 21:34:52|   9.3|  0.0|STATS |Total Features Written                                                  120037
2024-12-09 21:34:52|   9.3|  0.0|STATS |=-=-=-=-=-=-=-=-=-=-=-=-=-=-=-=-=-=-=-=-=-=-=-=-=-=-=-=-=-=-=-=-=-=-=-=-=-=-=-
2024-12-09 21:34:52|   9.3|  0.0|STATS |=-=-=-=-=-=-=-=-=-=-=-=-=-=-=-=-=-=-=-=-=-=-=-=-=-=-=-=-=-=-=-=-=-=-=-=-=-=-=-
2024-12-09 21:34:52|   9.3|  0.0|STATS |                            Features Read Summary
2024-12-09 21:34:52|   9.3|  0.0|STATS |=-=-=-=-=-=-=-=-=-=-=-=-=-=-=-=-=-=-=-=-=-=-=-=-=-=-=-=-=-=-=-=-=-=-=-=-=-=-=-
2024-12-09 21:34:52|   9.3|  0.0|STATS |==============================================================================
2024-12-09 21:34:52|   9.3|  0.0|STATS |Total Features Read                                                          0
2024-12-09 21:34:52|   9.3|  0.0|STATS |=-=-=-=-=-=-=-=-=-=-=-=-=-=-=-=-=-=-=-=-=-=-=-=-=-=-=-=-=-=-=-=-=-=-=-=-=-=-=-
2024-12-09 21:34:52|   9.3|  0.0|STATS |=-=-=-=-=-=-=-=-=-=-=-=-=-=-=-=-=-=-=-=-=-=-=-=-=-=-=-=-=-=-=-=-=-=-=-=-=-=-=-
2024-12-09 21:34:52|   9.3|  0.0|STATS |                           Features Written Summary
2024-12-09 21:34:52|   9.3|  0.0|STATS |=-=-=-=-=-=-=-=-=-=-=-=-=-=-=-=-=-=-=-=-=-=-=-=-=-=-=-=-=-=-=-=-=-=-=-=-=-=-=-
2024-12-09 21:34:52|   9.3|  0.0|STATS |test                                                                    120037
2024-12-09 21:34:52|   9.3|  0.0|STATS |==============================================================================
2024-12-09 21:34:52|   9.3|  0.0|STATS |Total Features Written                                                  120037
2024-12-09 21:34:52|   9.3|  0.0|STATS |=-=-=-=-=-=-=-=-=-=-=-=-=-=-=-=-=-=-=-=-=-=-=-=-=-=-=-=-=-=-=-=-=-=-=-=-=-=-=-
2024-12-09 21:34:52|   9.3|  0.0|WARN  |-~-~-~-~-~-~-~-~-~-~-~-~-~-~-~-~-~-~-~-~-~-~-~-~-~-~-~-~-~-~-~-~-~-~-~-~-~-~-~-~-
2024-12-09 21:34:52|   9.3|  0.0|WARN  |-~                                                                             ~-
2024-12-09 21:34:52|   9.3|  0.0|WARN  |-~    Feature caches have been recorded at every stage of the translation.     ~-
2024-12-09 21:34:52|   9.3|  0.0|WARN  |-~                      To inspect the recorded features,                      ~-
2024-12-09 21:34:52|   9.3|  0.0|WARN  |-~              click the feature cache icons next to the ports.               ~-
2024-12-09 21:34:52|   9.3|  0.0|WARN  |-~                                                                             ~-
2024-12-09 21:34:52|   9.3|  0.0|WARN  |-~-~-~-~-~-~-~-~-~-~-~-~-~-~-~-~-~-~-~-~-~-~-~-~-~-~-~-~-~-~-~-~-~-~-~-~-~-~-~-~-
2024-12-09 21:34:52|   9.3|  0.0|INFORM|Translation was SUCCESSFUL with 7 warning(s) (120037 feature(s) output)
2024-12-09 21:34:52|   9.3|  0.0|INFORM|FME Session Duration: 13.6 seconds. (CPU: 3.5s user, 5.8s system)
2024-12-09 21:34:52|   9.3|  0.0|INFORM|END - ProcessID: 18160, peak process memory usage: 113464 kB, current process memory usage: 50424 kB
